Log file open, 02/13/22 01:21:44
LogWindows: Failed to load 'aqProf.dll' (GetLastError=126)
LogWindows: File 'aqProf.dll' does not exist
LogWindows: Failed to load 'VtuneApi.dll' (GetLastError=126)
LogWindows: File 'VtuneApi.dll' does not exist
LogWindows: Failed to load 'VtuneApi32e.dll' (GetLastError=126)
LogWindows: File 'VtuneApi32e.dll' does not exist
LogConsoleResponse: Display: Failed to find resolution value strings in scalability ini. Falling back to default.
LogConsoleResponse: Display: Failed to find resolution value strings in scalability ini. Falling back to default.
LogInit: Display: Running engine for game: InfiniteMatrix
LogPlatformFile: Not using cached read wrapper
LogTaskGraph: Started task graph with 5 named threads and 26 total threads with 3 sets of task threads.
LogStats: Stats thread started at 0.335783
LogICUInternationalization: ICU TimeZone Detection - Raw Offset: -6:00, Platform Override: ''
LogInit: Display: Loading text-based GConfig....
LogPluginManager: Mounting plugin MeshPainting
LogPluginManager: Mounting plugin XGEController
LogPluginManager: Mounting plugin Paper2D
LogPluginManager: Mounting plugin AISupport
LogPluginManager: Mounting plugin EnvironmentQueryEditor
LogPluginManager: Mounting plugin LightPropagationVolume
LogPluginManager: Mounting plugin LiveLink
LogPluginManager: Mounting plugin CameraShakePreviewer
LogPluginManager: Mounting plugin GameplayCameras
LogPluginManager: Mounting plugin OodleData
LogPluginManager: Mounting plugin OodleNetwork
LogPluginManager: Mounting plugin AnimationSharing
LogPluginManager: Mounting plugin CodeLiteSourceCodeAccess
LogPluginManager: Mounting plugin GitSourceControl
LogPluginManager: Mounting plugin KDevelopSourceCodeAccess
LogPluginManager: Mounting plugin NullSourceCodeAccess
LogPluginManager: Mounting plugin CLionSourceCodeAccess
LogPluginManager: Mounting plugin PlasticSourceControl
LogPluginManager: Mounting plugin PluginUtils
LogPluginManager: Mounting plugin PropertyAccessNode
LogPluginManager: Mounting plugin PerforceSourceControl
LogPluginManager: Mounting plugin RiderSourceCodeAccess
LogPluginManager: Mounting plugin SubversionSourceControl
LogPluginManager: Mounting plugin TextureFormatOodle
LogPluginManager: Mounting plugin UObjectPlugin
LogPluginManager: Mounting plugin VisualStudioCodeSourceCodeAccess
LogPluginManager: Mounting plugin VisualStudioSourceCodeAccess
LogPluginManager: Mounting plugin XCodeSourceCodeAccess
LogPluginManager: Mounting plugin CryptoKeys
LogPluginManager: Mounting plugin CurveEditorTools
LogPluginManager: Mounting plugin DataValidation
LogPluginManager: Mounting plugin FacialAnimation
LogPluginManager: Mounting plugin GameplayTagsEditor
LogPluginManager: Mounting plugin GeometryMode
LogPluginManager: Mounting plugin MacGraphicsSwitching
LogPluginManager: Mounting plugin MaterialAnalyzer
LogPluginManager: Mounting plugin MobileLauncherProfileWizard
LogPluginManager: Mounting plugin PluginBrowser
LogPluginManager: Mounting plugin SpeedTreeImporter
LogPluginManager: Mounting plugin DatasmithContent
LogPluginManager: Mounting plugin VariantManagerContent
LogPluginManager: Mounting plugin LuminPlatformFeatures
LogPluginManager: Mounting plugin MagicLeap
LogPluginManager: Mounting plugin AlembicImporter
LogPluginManager: Mounting plugin AssetManagerEditor
LogPluginManager: Mounting plugin AutomationUtils
LogPluginManager: Mounting plugin BackChannel
LogPluginManager: Mounting plugin PixWinPlugin
LogPluginManager: Mounting plugin ChaosCloth
LogPluginManager: Mounting plugin ChaosClothEditor
LogPluginManager: Mounting plugin ChaosEditor
LogPluginManager: Mounting plugin ChaosNiagara
LogPluginManager: Mounting plugin MagicLeapMedia
LogPluginManager: Mounting plugin ChaosSolverPlugin
LogPluginManager: Mounting plugin MagicLeapLightEstimation
LogPluginManager: Mounting plugin CharacterAI
LogPluginManager: Mounting plugin MagicLeapPassableWorld
LogPluginManager: Mounting plugin MLSDK
LogPluginManager: Mounting plugin GeometryCache
LogPluginManager: Mounting plugin GeometryCollectionPlugin
LogPluginManager: Mounting plugin GeometryProcessing
LogPluginManager: Mounting plugin TcpMessaging
LogPluginManager: Mounting plugin UdpMessaging
LogPluginManager: Mounting plugin MotoSynth
LogPluginManager: Mounting plugin OpenImageDenoise
LogPluginManager: Mounting plugin AndroidMedia
LogPluginManager: Mounting plugin PlanarCut
LogPluginManager: Mounting plugin PlatformCrypto
LogPluginManager: Mounting plugin ProxyLODPlugin
LogPluginManager: Mounting plugin AvfMedia
LogPluginManager: Mounting plugin PythonScriptPlugin
LogPluginManager: Mounting plugin ImgMedia
LogPluginManager: Mounting plugin MediaCompositing
LogPluginManager: Mounting plugin MediaPlayerEditor
LogPluginManager: Mounting plugin SkeletalReduction
LogPluginManager: Mounting plugin WebMMedia
LogPluginManager: Mounting plugin ActorSequence
LogPluginManager: Mounting plugin LevelSequenceEditor
LogPluginManager: Mounting plugin WmfMedia
LogPluginManager: Mounting plugin TemplateSequence
LogPluginManager: Mounting plugin MatineeToLevelSequence
LogPluginManager: Mounting plugin OnlineSubsystem
LogPluginManager: Mounting plugin OnlineSubsystemNull
LogPluginManager: Mounting plugin OnlineSubsystemUtils
LogPluginManager: Mounting plugin LauncherChunkInstaller
LogPluginManager: Mounting plugin ActorLayerUtilities
LogPluginManager: Mounting plugin AndroidDeviceProfileSelector
LogPluginManager: Mounting plugin AndroidMoviePlayer
LogPluginManager: Mounting plugin AndroidPermission
LogPluginManager: Mounting plugin AppleImageUtils
LogPluginManager: Mounting plugin AppleMoviePlayer
LogPluginManager: Mounting plugin ArchVisCharacter
LogPluginManager: Mounting plugin AssetTags
LogPluginManager: Mounting plugin AudioSynesthesia
LogPluginManager: Mounting plugin CableComponent
LogPluginManager: Mounting plugin AudioCapture
LogPluginManager: Mounting plugin ChunkDownloader
LogPluginManager: Mounting plugin CustomMeshComponent
LogPluginManager: Mounting plugin ExampleDeviceProfileSelector
LogPluginManager: Mounting plugin EditableMesh
LogPluginManager: Mounting plugin GooglePAD
LogPluginManager: Mounting plugin GoogleCloudMessaging
LogPluginManager: Mounting plugin IOSDeviceProfileSelector
LogPluginManager: Mounting plugin LinuxDeviceProfileSelector
LogPluginManager: Mounting plugin LocationServicesBPLibrary
LogPluginManager: Mounting plugin MobilePatchingUtils
LogPluginManager: Mounting plugin OpenXREyeTracker
LogPluginManager: Mounting plugin OpenXRHandTracking
LogPluginManager: Mounting plugin OpenXR
LogPluginManager: Mounting plugin PhysXVehicles
LogPluginManager: Mounting plugin PostSplashScreen
LogPluginManager: Mounting plugin PropertyAccessEditor
LogPluginManager: Mounting plugin ProceduralMeshComponent
LogPluginManager: Mounting plugin RuntimePhysXCooking
LogPluginManager: Mounting plugin SoundFields
LogPluginManager: Mounting plugin Synthesis
LogPluginManager: Mounting plugin WebMMoviePlayer
LogPluginManager: Mounting plugin WindowsMoviePlayer
LogPluginManager: Mounting plugin ScreenshotTools
LogPluginManager: Mounting plugin Takes
LogPluginManager: Mounting plugin Niagara
LogPluginManager: Mounting plugin SignificanceManager
LogPluginManager: Mounting plugin ContentBrowserAssetDataSource
LogPluginManager: Mounting plugin ContentBrowserFileDataSource
LogPluginManager: Mounting plugin ContentBrowserClassDataSource
LogPluginManager: Mounting plugin OnlineSubsystemGooglePlay
LogPluginManager: Mounting plugin OnlineSubsystemIOS
LogPluginManager: Mounting plugin OculusVR
LogPluginManager: Mounting plugin SteamVR
PixWinPlugin: PIX capture plugin failed to initialize! Check that the process is launched from PIX.
LogInit: Using libcurl 7.55.1-DEV
LogInit:  - built for x86_64-pc-win32
LogInit:  - supports SSL with OpenSSL/1.1.1
LogInit:  - supports HTTP deflate (compression) using libz 1.2.8
LogInit:  - other features:
LogInit:      CURL_VERSION_SSL
LogInit:      CURL_VERSION_LIBZ
LogInit:      CURL_VERSION_IPV6
LogInit:      CURL_VERSION_ASYNCHDNS
LogInit:      CURL_VERSION_LARGEFILE
LogInit:      CURL_VERSION_IDN
LogInit:  CurlRequestOptions (configurable via config and command line):
LogInit:  - bVerifyPeer = true  - Libcurl will verify peer certificate
LogInit:  - bUseHttpProxy = false  - Libcurl will NOT use HTTP proxy
LogInit:  - bDontReuseConnections = false  - Libcurl will reuse connections
LogInit:  - MaxHostConnections = 16  - Libcurl will limit the number of connections to a host
LogInit:  - LocalHostAddr = Default
LogInit:  - BufferSize = 65536
LogOnline: OSS: Creating online subsystem instance for: NULL
LogInit: WinSock: version 1.1 (2.2), MaxSocks=32767, MaxUdp=65467
LogOnline: OSS: TryLoadSubsystemAndSetDefault: Loaded subsystem for module [NULL]
LogOculusPluginWrapper: OculusPlugin initialized successfully
LogHMD: Failed initializing OVRPlugin 1.59.0
LogInit: Build: ++UE4+Release-4.27-CL-18319896
LogInit: Engine Version: 4.27.2-18319896+++UE4+Release-4.27
LogInit: Compatible Engine Version: 4.27.0-17155196+++UE4+Release-4.27
LogInit: Net CL: 17155196
LogInit: OS: Windows 10 (Release 2009) (), CPU: AMD Ryzen 7 4700U with Radeon Graphics         , GPU: AMD Radeon(TM) Graphics
LogInit: Compiled (64-bit): Nov 30 2021 07:12:08
LogInit: Compiled with Visual C++: 19.24.28315.00
LogInit: Build Configuration: Development
LogInit: Branch Name: ++UE4+Release-4.27
LogInit: Command Line:  /Game/InfiniteMatrix/Maps/TutorialMap -game -PIEVIACONSOLE -Multiprocess "GameUserSettingsINI=C:/Users/chira/OneDrive - University of Illinois - Urbana/UIUC/semester 8/CS 498 GD/InfiniteMatrixStarter/Saved/Config/Windows/PIEGameUserSettings0.ini" -MultiprocessSaveConfig -forcepassthrough -messaging -SessionName="Play in Standalone Game" -windowed -WinX=469 -WinY=43 SAVEWINPOS=1 -ResX=999 -ResY=996
LogInit: Base Directory: C:/Program Files/Epic Games/UE_4.27/Engine/Binaries/Win64/
LogInit: Allocator: TBB
LogInit: Installed Engine Build: 1
LogDevObjectVersion: Number of dev versions registered: 29
LogDevObjectVersion:   Dev-Blueprints (B0D832E4-1F89-4F0D-ACCF-7EB736FD4AA2): 10
LogDevObjectVersion:   Dev-Build (E1C64328-A22C-4D53-A36C-8E866417BD8C): 0
LogDevObjectVersion:   Dev-Core (375EC13C-06E4-48FB-B500-84F0262A717E): 4
LogDevObjectVersion:   Dev-Editor (E4B068ED-F494-42E9-A231-DA0B2E46BB41): 40
LogDevObjectVersion:   Dev-Framework (CFFC743F-43B0-4480-9391-14DF171D2073): 37
LogDevObjectVersion:   Dev-Mobile (B02B49B5-BB20-44E9-A304-32B752E40360): 3
LogDevObjectVersion:   Dev-Networking (A4E4105C-59A1-49B5-A7C5-40C4547EDFEE): 0
LogDevObjectVersion:   Dev-Online (39C831C9-5AE6-47DC-9A44-9C173E1C8E7C): 0
LogDevObjectVersion:   Dev-Physics (78F01B33-EBEA-4F98-B9B4-84EACCB95AA2): 14
LogDevObjectVersion:   Dev-Platform (6631380F-2D4D-43E0-8009-CF276956A95A): 0
LogDevObjectVersion:   Dev-Rendering (12F88B9F-8875-4AFC-A67C-D90C383ABD29): 45
LogDevObjectVersion:   Dev-Sequencer (7B5AE74C-D270-4C10-A958-57980B212A5A): 13
LogDevObjectVersion:   Dev-VR (D7296918-1DD6-4BDD-9DE2-64A83CC13884): 3
LogDevObjectVersion:   Dev-LoadTimes (C2A15278-BFE7-4AFE-6C17-90FF531DF755): 1
LogDevObjectVersion:   Private-Geometry (6EACA3D4-40EC-4CC1-B786-8BED09428FC5): 3
LogDevObjectVersion:   Dev-AnimPhys (29E575DD-E0A3-4627-9D10-D276232CDCEA): 17
LogDevObjectVersion:   Dev-Anim (AF43A65D-7FD3-4947-9873-3E8ED9C1BB05): 15
LogDevObjectVersion:   Dev-ReflectionCapture (6B266CEC-1EC7-4B8F-A30B-E4D90942FC07): 1
LogDevObjectVersion:   Dev-Automation (0DF73D61-A23F-47EA-B727-89E90C41499A): 1
LogDevObjectVersion:   FortniteMain (601D1886-AC64-4F84-AA16-D3DE0DEAC7D6): 47
LogDevObjectVersion:   FortniteRelease (E7086368-6B23-4C58-8439-1B7016265E91): 1
LogDevObjectVersion:   Dev-Enterprise (9DFFBCD6-494F-0158-E221-12823C92A888): 10
LogDevObjectVersion:   Dev-Niagara (F2AED0AC-9AFE-416F-8664-AA7FFA26D6FC): 1
LogDevObjectVersion:   Dev-Destruction (174F1F0B-B4C6-45A5-B13F-2EE8D0FB917D): 10
LogDevObjectVersion:   Dev-Physics-Ext (35F94A83-E258-406C-A318-09F59610247C): 41
LogDevObjectVersion:   Dev-PhysicsMaterial-Chaos (B68FC16E-8B1B-42E2-B453-215C058844FE): 1
LogDevObjectVersion:   Dev-CineCamera (B2E18506-4273-CFC2-A54E-F4BB758BBA07): 1
LogDevObjectVersion:   Dev-VirtualProduction (64F58936-FD1B-42BA-BA96-7289D5D0FA4E): 1
LogDevObjectVersion:   Dev-MediaFramework (6F0ED827-A609-4895-9C91-998D90180EA4): 2
LogInit: Presizing for max 25165824 objects, including 0 objects not considered by GC, pre-allocating 0 bytes for permanent pool.
LogConfig: Applying CVar settings from Section [/Script/Engine.StreamingSettings] File [C:/Users/chira/OneDrive - University of Illinois - Urbana/UIUC/semester 8/CS 498 GD/InfiniteMatrixStarter/Saved/Config/Windows/Engine.ini]
LogConfig: Setting CVar [[s.MinBulkDataSizeForAsyncLoading:131072]]
LogConfig: Setting CVar [[s.AsyncLoadingThreadEnabled:0]]
LogConfig: Setting CVar [[s.EventDrivenLoaderEnabled:1]]
LogConfig: Setting CVar [[s.WarnIfTimeLimitExceeded:0]]
LogConfig: Setting CVar [[s.TimeLimitExceededMultiplier:1.5]]
LogConfig: Setting CVar [[s.TimeLimitExceededMinTime:0.005]]
LogConfig: Setting CVar [[s.UseBackgroundLevelStreaming:1]]
LogConfig: Setting CVar [[s.PriorityAsyncLoadingExtraTime:15.0]]
LogConfig: Setting CVar [[s.LevelStreamingActorsUpdateTimeLimit:5.0]]
LogConfig: Setting CVar [[s.PriorityLevelStreamingActorsUpdateExtraTime:5.0]]
LogConfig: Setting CVar [[s.LevelStreamingComponentsRegistrationGranularity:10]]
LogConfig: Setting CVar [[s.UnregisterComponentsTimeLimit:1.0]]
LogConfig: Setting CVar [[s.LevelStreamingComponentsUnregistrationGranularity:5]]
LogConfig: Setting CVar [[s.FlushStreamingOnExit:1]]
LogInit: Object subsystem initialized
LogConfig: Setting CVar [[con.DebugEarlyDefault:1]]
LogConfig: Setting CVar [[r.setres:1280x720]]
[2022.02.13-07.21.45:449][  0]LogConfig: Setting CVar [[con.DebugEarlyDefault:1]]
[2022.02.13-07.21.45:450][  0]LogConfig: Setting CVar [[r.setres:1280x720]]
[2022.02.13-07.21.45:450][  0]LogConfig: Applying CVar settings from Section [/Script/Engine.RendererSettings] File [C:/Users/chira/OneDrive - University of Illinois - Urbana/UIUC/semester 8/CS 498 GD/InfiniteMatrixStarter/Saved/Config/Windows/Engine.ini]
[2022.02.13-07.21.45:450][  0]LogConfig: Setting CVar [[r.GPUCrashDebugging:0]]
[2022.02.13-07.21.45:450][  0]LogConfig: Applying CVar settings from Section [/Script/Engine.RendererOverrideSettings] File [C:/Users/chira/OneDrive - University of Illinois - Urbana/UIUC/semester 8/CS 498 GD/InfiniteMatrixStarter/Saved/Config/Windows/Engine.ini]
[2022.02.13-07.21.45:450][  0]LogConfig: Applying CVar settings from Section [/Script/Engine.StreamingSettings] File [C:/Users/chira/OneDrive - University of Illinois - Urbana/UIUC/semester 8/CS 498 GD/InfiniteMatrixStarter/Saved/Config/Windows/Engine.ini]
[2022.02.13-07.21.45:450][  0]LogConfig: Setting CVar [[s.MinBulkDataSizeForAsyncLoading:131072]]
[2022.02.13-07.21.45:450][  0]LogConfig: Setting CVar [[s.AsyncLoadingThreadEnabled:0]]
[2022.02.13-07.21.45:450][  0]LogConfig: Setting CVar [[s.EventDrivenLoaderEnabled:1]]
[2022.02.13-07.21.45:450][  0]LogConfig: Setting CVar [[s.WarnIfTimeLimitExceeded:0]]
[2022.02.13-07.21.45:450][  0]LogConfig: Setting CVar [[s.TimeLimitExceededMultiplier:1.5]]
[2022.02.13-07.21.45:450][  0]LogConfig: Setting CVar [[s.TimeLimitExceededMinTime:0.005]]
[2022.02.13-07.21.45:450][  0]LogConfig: Setting CVar [[s.UseBackgroundLevelStreaming:1]]
[2022.02.13-07.21.45:450][  0]LogConfig: Setting CVar [[s.PriorityAsyncLoadingExtraTime:15.0]]
[2022.02.13-07.21.45:450][  0]LogConfig: Setting CVar [[s.LevelStreamingActorsUpdateTimeLimit:5.0]]
[2022.02.13-07.21.45:450][  0]LogConfig: Setting CVar [[s.PriorityLevelStreamingActorsUpdateExtraTime:5.0]]
[2022.02.13-07.21.45:450][  0]LogConfig: Setting CVar [[s.LevelStreamingComponentsRegistrationGranularity:10]]
[2022.02.13-07.21.45:450][  0]LogConfig: Setting CVar [[s.UnregisterComponentsTimeLimit:1.0]]
[2022.02.13-07.21.45:450][  0]LogConfig: Setting CVar [[s.LevelStreamingComponentsUnregistrationGranularity:5]]
[2022.02.13-07.21.45:450][  0]LogConfig: Setting CVar [[s.FlushStreamingOnExit:1]]
[2022.02.13-07.21.45:450][  0]LogConfig: Applying CVar settings from Section [/Script/Engine.GarbageCollectionSettings] File [C:/Users/chira/OneDrive - University of Illinois - Urbana/UIUC/semester 8/CS 498 GD/InfiniteMatrixStarter/Saved/Config/Windows/Engine.ini]
[2022.02.13-07.21.45:450][  0]LogConfig: Setting CVar [[gc.MaxObjectsNotConsideredByGC:1]]
[2022.02.13-07.21.45:450][  0]LogConfig: Setting CVar [[gc.SizeOfPermanentObjectPool:0]]
[2022.02.13-07.21.45:450][  0]LogConfig: Setting CVar [[gc.FlushStreamingOnGC:0]]
[2022.02.13-07.21.45:450][  0]LogConfig: Setting CVar [[gc.NumRetriesBeforeForcingGC:10]]
[2022.02.13-07.21.45:450][  0]LogConfig: Setting CVar [[gc.AllowParallelGC:1]]
[2022.02.13-07.21.45:450][  0]LogConfig: Setting CVar [[gc.TimeBetweenPurgingPendingKillObjects:61.1]]
[2022.02.13-07.21.45:450][  0]LogConfig: Setting CVar [[gc.MaxObjectsInEditor:25165824]]
[2022.02.13-07.21.45:450][  0]LogConfig: Setting CVar [[gc.IncrementalBeginDestroyEnabled:1]]
[2022.02.13-07.21.45:450][  0]LogConfig: Setting CVar [[gc.CreateGCClusters:1]]
[2022.02.13-07.21.45:450][  0]LogConfig: Setting CVar [[gc.MinGCClusterSize:5]]
[2022.02.13-07.21.45:450][  0]LogConfig: Setting CVar [[gc.ActorClusteringEnabled:0]]
[2022.02.13-07.21.45:450][  0]LogConfig: Setting CVar [[gc.BlueprintClusteringEnabled:0]]
[2022.02.13-07.21.45:450][  0]LogConfig: Setting CVar [[gc.UseDisregardForGCOnDedicatedServers:0]]
[2022.02.13-07.21.45:450][  0]LogConfig: Setting CVar [[gc.MultithreadedDestructionEnabled:1]]
[2022.02.13-07.21.45:450][  0]LogConfig: Applying CVar settings from Section [/Script/Engine.NetworkSettings] File [C:/Users/chira/OneDrive - University of Illinois - Urbana/UIUC/semester 8/CS 498 GD/InfiniteMatrixStarter/Saved/Config/Windows/Engine.ini]
[2022.02.13-07.21.45:450][  0]LogConfig: Applying CVar settings from Section [/Script/UnrealEd.CookerSettings] File [C:/Users/chira/OneDrive - University of Illinois - Urbana/UIUC/semester 8/CS 498 GD/InfiniteMatrixStarter/Saved/Config/Windows/Engine.ini]
[2022.02.13-07.21.45:458][  0]LogConfig: Applying CVar settings from Section [ViewDistanceQuality@3] File [C:/Users/chira/OneDrive - University of Illinois - Urbana/UIUC/semester 8/CS 498 GD/InfiniteMatrixStarter/Saved/Config/Windows/Scalability.ini]
[2022.02.13-07.21.45:458][  0]LogConfig: Setting CVar [[r.SkeletalMeshLODBias:0]]
[2022.02.13-07.21.45:458][  0]LogConfig: Setting CVar [[r.ViewDistanceScale:1.0]]
[2022.02.13-07.21.45:458][  0]LogConfig: Applying CVar settings from Section [AntiAliasingQuality@3] File [C:/Users/chira/OneDrive - University of Illinois - Urbana/UIUC/semester 8/CS 498 GD/InfiniteMatrixStarter/Saved/Config/Windows/Scalability.ini]
[2022.02.13-07.21.45:458][  0]LogConfig: Setting CVar [[r.PostProcessAAQuality:4]]
[2022.02.13-07.21.45:458][  0]LogConfig: Applying CVar settings from Section [ShadowQuality@3] File [C:/Users/chira/OneDrive - University of Illinois - Urbana/UIUC/semester 8/CS 498 GD/InfiniteMatrixStarter/Saved/Config/Windows/Scalability.ini]
[2022.02.13-07.21.45:458][  0]LogConfig: Setting CVar [[r.LightFunctionQuality:1]]
[2022.02.13-07.21.45:458][  0]LogConfig: Setting CVar [[r.ShadowQuality:5]]
[2022.02.13-07.21.45:458][  0]LogConfig: Setting CVar [[r.Shadow.CSM.MaxCascades:10]]
[2022.02.13-07.21.45:458][  0]LogConfig: Setting CVar [[r.Shadow.MaxResolution:2048]]
[2022.02.13-07.21.45:458][  0]LogConfig: Setting CVar [[r.Shadow.MaxCSMResolution:2048]]
[2022.02.13-07.21.45:458][  0]LogConfig: Setting CVar [[r.Shadow.RadiusThreshold:0.01]]
[2022.02.13-07.21.45:458][  0]LogConfig: Setting CVar [[r.Shadow.DistanceScale:1.0]]
[2022.02.13-07.21.45:458][  0]LogConfig: Setting CVar [[r.Shadow.CSM.TransitionScale:1.0]]
[2022.02.13-07.21.45:458][  0]LogConfig: Setting CVar [[r.Shadow.PreShadowResolutionFactor:1.0]]
[2022.02.13-07.21.45:458][  0]LogConfig: Setting CVar [[r.DistanceFieldShadowing:1]]
[2022.02.13-07.21.45:458][  0]LogConfig: Setting CVar [[r.DistanceFieldAO:1]]
[2022.02.13-07.21.45:458][  0]LogConfig: Setting CVar [[r.AOQuality:2]]
[2022.02.13-07.21.45:458][  0]LogConfig: Setting CVar [[r.VolumetricFog:1]]
[2022.02.13-07.21.45:458][  0]LogConfig: Setting CVar [[r.VolumetricFog.GridPixelSize:8]]
[2022.02.13-07.21.45:458][  0]LogConfig: Setting CVar [[r.VolumetricFog.GridSizeZ:128]]
[2022.02.13-07.21.45:458][  0]LogConfig: Setting CVar [[r.VolumetricFog.HistoryMissSupersampleCount:4]]
[2022.02.13-07.21.45:458][  0]LogConfig: Setting CVar [[r.LightMaxDrawDistanceScale:1]]
[2022.02.13-07.21.45:458][  0]LogConfig: Setting CVar [[r.CapsuleShadows:1]]
[2022.02.13-07.21.45:458][  0]LogConfig: Applying CVar settings from Section [PostProcessQuality@3] File [C:/Users/chira/OneDrive - University of Illinois - Urbana/UIUC/semester 8/CS 498 GD/InfiniteMatrixStarter/Saved/Config/Windows/Scalability.ini]
[2022.02.13-07.21.45:458][  0]LogConfig: Setting CVar [[r.MotionBlurQuality:4]]
[2022.02.13-07.21.45:458][  0]LogConfig: Setting CVar [[r.AmbientOcclusionMipLevelFactor:0.4]]
[2022.02.13-07.21.45:458][  0]LogConfig: Setting CVar [[r.AmbientOcclusionMaxQuality:100]]
[2022.02.13-07.21.45:458][  0]LogConfig: Setting CVar [[r.AmbientOcclusionLevels:-1]]
[2022.02.13-07.21.45:458][  0]LogConfig: Setting CVar [[r.AmbientOcclusionRadiusScale:1.0]]
[2022.02.13-07.21.45:458][  0]LogConfig: Setting CVar [[r.DepthOfFieldQuality:2]]
[2022.02.13-07.21.45:458][  0]LogConfig: Setting CVar [[r.RenderTargetPoolMin:400]]
[2022.02.13-07.21.45:458][  0]LogConfig: Setting CVar [[r.LensFlareQuality:2]]
[2022.02.13-07.21.45:458][  0]LogConfig: Setting CVar [[r.SceneColorFringeQuality:1]]
[2022.02.13-07.21.45:458][  0]LogConfig: Setting CVar [[r.EyeAdaptationQuality:2]]
[2022.02.13-07.21.45:458][  0]LogConfig: Setting CVar [[r.BloomQuality:5]]
[2022.02.13-07.21.45:458][  0]LogConfig: Setting CVar [[r.FastBlurThreshold:100]]
[2022.02.13-07.21.45:458][  0]LogConfig: Setting CVar [[r.Upscale.Quality:3]]
[2022.02.13-07.21.45:458][  0]LogConfig: Setting CVar [[r.Tonemapper.GrainQuantization:1]]
[2022.02.13-07.21.45:458][  0]LogConfig: Setting CVar [[r.LightShaftQuality:1]]
[2022.02.13-07.21.45:458][  0]LogConfig: Setting CVar [[r.Filter.SizeScale:1]]
[2022.02.13-07.21.45:458][  0]LogConfig: Setting CVar [[r.Tonemapper.Quality:5]]
[2022.02.13-07.21.45:458][  0]LogConfig: Setting CVar [[r.DOF.Gather.AccumulatorQuality:1        ; higher gathering accumulator quality]]
[2022.02.13-07.21.45:458][  0]LogConfig: Setting CVar [[r.DOF.Gather.PostfilterMethod:1          ; Median3x3 postfilering method]]
[2022.02.13-07.21.45:458][  0]LogConfig: Setting CVar [[r.DOF.Gather.EnableBokehSettings:0       ; no bokeh simulation when gathering]]
[2022.02.13-07.21.45:458][  0]LogConfig: Setting CVar [[r.DOF.Gather.RingCount:4                 ; medium number of samples when gathering]]
[2022.02.13-07.21.45:458][  0]LogConfig: Setting CVar [[r.DOF.Scatter.ForegroundCompositing:1    ; additive foreground scattering]]
[2022.02.13-07.21.45:458][  0]LogConfig: Setting CVar [[r.DOF.Scatter.BackgroundCompositing:2    ; additive background scattering]]
[2022.02.13-07.21.45:459][  0]LogConfig: Setting CVar [[r.DOF.Scatter.EnableBokehSettings:1      ; bokeh simulation when scattering]]
[2022.02.13-07.21.45:459][  0]LogConfig: Setting CVar [[r.DOF.Scatter.MaxSpriteRatio:0.1         ; only a maximum of 10% of scattered bokeh]]
[2022.02.13-07.21.45:459][  0]LogConfig: Setting CVar [[r.DOF.Recombine.Quality:1                ; cheap slight out of focus]]
[2022.02.13-07.21.45:459][  0]LogConfig: Setting CVar [[r.DOF.Recombine.EnableBokehSettings:0    ; no bokeh simulation on slight out of focus]]
[2022.02.13-07.21.45:459][  0]LogConfig: Setting CVar [[r.DOF.TemporalAAQuality:1                ; more stable temporal accumulation]]
[2022.02.13-07.21.45:459][  0]LogConfig: Setting CVar [[r.DOF.Kernel.MaxForegroundRadius:0.025]]
[2022.02.13-07.21.45:459][  0]LogConfig: Setting CVar [[r.DOF.Kernel.MaxBackgroundRadius:0.025]]
[2022.02.13-07.21.45:459][  0]LogConfig: Applying CVar settings from Section [TextureQuality@3] File [C:/Users/chira/OneDrive - University of Illinois - Urbana/UIUC/semester 8/CS 498 GD/InfiniteMatrixStarter/Saved/Config/Windows/Scalability.ini]
[2022.02.13-07.21.45:459][  0]LogConfig: Setting CVar [[r.Streaming.MipBias:0]]
[2022.02.13-07.21.45:459][  0]LogConfig: Setting CVar [[r.Streaming.AmortizeCPUToGPUCopy:0]]
[2022.02.13-07.21.45:459][  0]LogConfig: Setting CVar [[r.Streaming.MaxNumTexturesToStreamPerFrame:0]]
[2022.02.13-07.21.45:459][  0]LogConfig: Setting CVar [[r.Streaming.Boost:1]]
[2022.02.13-07.21.45:459][  0]LogConfig: Setting CVar [[r.MaxAnisotropy:8]]
[2022.02.13-07.21.45:459][  0]LogConfig: Setting CVar [[r.VT.MaxAnisotropy:8]]
[2022.02.13-07.21.45:459][  0]LogConfig: Setting CVar [[r.Streaming.LimitPoolSizeToVRAM:0]]
[2022.02.13-07.21.45:459][  0]LogConfig: Setting CVar [[r.Streaming.PoolSize:1000]]
[2022.02.13-07.21.45:459][  0]LogConfig: Setting CVar [[r.Streaming.MaxEffectiveScreenSize:0]]
[2022.02.13-07.21.45:459][  0]LogConfig: Applying CVar settings from Section [EffectsQuality@3] File [C:/Users/chira/OneDrive - University of Illinois - Urbana/UIUC/semester 8/CS 498 GD/InfiniteMatrixStarter/Saved/Config/Windows/Scalability.ini]
[2022.02.13-07.21.45:459][  0]LogConfig: Setting CVar [[r.TranslucencyLightingVolumeDim:64]]
[2022.02.13-07.21.45:459][  0]LogConfig: Setting CVar [[r.RefractionQuality:2]]
[2022.02.13-07.21.45:459][  0]LogConfig: Setting CVar [[r.SSR.Quality:3]]
[2022.02.13-07.21.45:459][  0]LogConfig: Setting CVar [[r.SSR.HalfResSceneColor:0]]
[2022.02.13-07.21.45:459][  0]LogConfig: Setting CVar [[r.SceneColorFormat:4]]
[2022.02.13-07.21.45:459][  0]LogConfig: Setting CVar [[r.DetailMode:2]]
[2022.02.13-07.21.45:459][  0]LogConfig: Setting CVar [[r.TranslucencyVolumeBlur:1]]
[2022.02.13-07.21.45:459][  0]LogConfig: Setting CVar [[r.MaterialQualityLevel:1 ; High quality]]
[2022.02.13-07.21.45:459][  0]LogConfig: Setting CVar [[r.AnisotropicMaterials:1]]
[2022.02.13-07.21.45:459][  0]LogConfig: Setting CVar [[r.SSS.Scale:1]]
[2022.02.13-07.21.45:459][  0]LogConfig: Setting CVar [[r.SSS.SampleSet:2]]
[2022.02.13-07.21.45:459][  0]LogConfig: Setting CVar [[r.SSS.Quality:1]]
[2022.02.13-07.21.45:459][  0]LogConfig: Setting CVar [[r.SSS.HalfRes:0]]
[2022.02.13-07.21.45:459][  0]LogConfig: Setting CVar [[r.SSGI.Quality:3]]
[2022.02.13-07.21.45:459][  0]LogConfig: Setting CVar [[r.EmitterSpawnRateScale:1.0]]
[2022.02.13-07.21.45:459][  0]LogConfig: Setting CVar [[r.ParticleLightQuality:2]]
[2022.02.13-07.21.45:459][  0]LogConfig: Setting CVar [[r.SkyAtmosphere.AerialPerspectiveLUT.FastApplyOnOpaque:1 ; Always have FastSkyLUT 1 in this case to avoid wrong sky]]
[2022.02.13-07.21.45:459][  0]LogConfig: Setting CVar [[r.SkyAtmosphere.AerialPerspectiveLUT.SampleCountMaxPerSlice:4]]
[2022.02.13-07.21.45:459][  0]LogConfig: Setting CVar [[r.SkyAtmosphere.AerialPerspectiveLUT.DepthResolution:16.0]]
[2022.02.13-07.21.45:459][  0]LogConfig: Setting CVar [[r.SkyAtmosphere.FastSkyLUT:1]]
[2022.02.13-07.21.45:459][  0]LogConfig: Setting CVar [[r.SkyAtmosphere.FastSkyLUT.SampleCountMin:4.0]]
[2022.02.13-07.21.45:459][  0]LogConfig: Setting CVar [[r.SkyAtmosphere.FastSkyLUT.SampleCountMax:128.0]]
[2022.02.13-07.21.45:459][  0]LogConfig: Setting CVar [[r.SkyAtmosphere.SampleCountMin:4.0]]
[2022.02.13-07.21.45:459][  0]LogConfig: Setting CVar [[r.SkyAtmosphere.SampleCountMax:128.0]]
[2022.02.13-07.21.45:459][  0]LogConfig: Setting CVar [[r.SkyAtmosphere.TransmittanceLUT.UseSmallFormat:0]]
[2022.02.13-07.21.45:459][  0]LogConfig: Setting CVar [[r.SkyAtmosphere.TransmittanceLUT.SampleCount:10.0]]
[2022.02.13-07.21.45:459][  0]LogConfig: Setting CVar [[r.SkyAtmosphere.MultiScatteringLUT.SampleCount:15.0]]
[2022.02.13-07.21.45:459][  0]LogConfig: Setting CVar [[r.SkyLight.RealTimeReflectionCapture:1]]
[2022.02.13-07.21.45:459][  0]LogConfig: Applying CVar settings from Section [FoliageQuality@3] File [C:/Users/chira/OneDrive - University of Illinois - Urbana/UIUC/semester 8/CS 498 GD/InfiniteMatrixStarter/Saved/Config/Windows/Scalability.ini]
[2022.02.13-07.21.45:459][  0]LogConfig: Setting CVar [[foliage.DensityScale:1.0]]
[2022.02.13-07.21.45:459][  0]LogConfig: Setting CVar [[grass.DensityScale:1.0]]
[2022.02.13-07.21.45:459][  0]LogConfig: Applying CVar settings from Section [ShadingQuality@3] File [C:/Users/chira/OneDrive - University of Illinois - Urbana/UIUC/semester 8/CS 498 GD/InfiniteMatrixStarter/Saved/Config/Windows/Scalability.ini]
[2022.02.13-07.21.45:459][  0]LogConfig: Setting CVar [[r.HairStrands.SkyLighting.IntegrationType:2]]
[2022.02.13-07.21.45:459][  0]LogConfig: Setting CVar [[r.HairStrands.SkyAO.SampleCount:4]]
[2022.02.13-07.21.45:459][  0]LogConfig: Setting CVar [[r.HairStrands.Visibility.MSAA.SamplePerPixel:4]]
[2022.02.13-07.21.45:459][  0]LogInit: Selected Device Profile: [Windows]
[2022.02.13-07.21.45:459][  0]LogInit: Applying CVar settings loaded from the selected device profile: [Windows]
[2022.02.13-07.21.45:459][  0]LogHAL: Display: Platform has ~ 16 GB [16505954304 / 17179869184 / 16], which maps to Larger [LargestMinGB=32, LargerMinGB=12, DefaultMinGB=8, SmallerMinGB=6, SmallestMinGB=0)
[2022.02.13-07.21.45:459][  0]LogInit: Going up to parent DeviceProfile []
[2022.02.13-07.21.45:459][  0]LogConfig: Applying CVar settings from Section [ViewDistanceQuality@3] File [C:/Users/chira/OneDrive - University of Illinois - Urbana/UIUC/semester 8/CS 498 GD/InfiniteMatrixStarter/Saved/Config/Windows/Scalability.ini]
[2022.02.13-07.21.45:459][  0]LogConfig: Setting CVar [[r.SkeletalMeshLODBias:0]]
[2022.02.13-07.21.45:459][  0]LogConfig: Setting CVar [[r.ViewDistanceScale:1.0]]
[2022.02.13-07.21.45:459][  0]LogConfig: Applying CVar settings from Section [AntiAliasingQuality@3] File [C:/Users/chira/OneDrive - University of Illinois - Urbana/UIUC/semester 8/CS 498 GD/InfiniteMatrixStarter/Saved/Config/Windows/Scalability.ini]
[2022.02.13-07.21.45:459][  0]LogConfig: Setting CVar [[r.PostProcessAAQuality:4]]
[2022.02.13-07.21.45:459][  0]LogConfig: Applying CVar settings from Section [ShadowQuality@3] File [C:/Users/chira/OneDrive - University of Illinois - Urbana/UIUC/semester 8/CS 498 GD/InfiniteMatrixStarter/Saved/Config/Windows/Scalability.ini]
[2022.02.13-07.21.45:459][  0]LogConfig: Setting CVar [[r.LightFunctionQuality:1]]
[2022.02.13-07.21.45:460][  0]LogConfig: Setting CVar [[r.ShadowQuality:5]]
[2022.02.13-07.21.45:460][  0]LogConfig: Setting CVar [[r.Shadow.CSM.MaxCascades:10]]
[2022.02.13-07.21.45:460][  0]LogConfig: Setting CVar [[r.Shadow.MaxResolution:2048]]
[2022.02.13-07.21.45:460][  0]LogConfig: Setting CVar [[r.Shadow.MaxCSMResolution:2048]]
[2022.02.13-07.21.45:460][  0]LogConfig: Setting CVar [[r.Shadow.RadiusThreshold:0.01]]
[2022.02.13-07.21.45:460][  0]LogConfig: Setting CVar [[r.Shadow.DistanceScale:1.0]]
[2022.02.13-07.21.45:460][  0]LogConfig: Setting CVar [[r.Shadow.CSM.TransitionScale:1.0]]
[2022.02.13-07.21.45:460][  0]LogConfig: Setting CVar [[r.Shadow.PreShadowResolutionFactor:1.0]]
[2022.02.13-07.21.45:460][  0]LogConfig: Setting CVar [[r.DistanceFieldShadowing:1]]
[2022.02.13-07.21.45:460][  0]LogConfig: Setting CVar [[r.DistanceFieldAO:1]]
[2022.02.13-07.21.45:460][  0]LogConfig: Setting CVar [[r.AOQuality:2]]
[2022.02.13-07.21.45:460][  0]LogConfig: Setting CVar [[r.VolumetricFog:1]]
[2022.02.13-07.21.45:460][  0]LogConfig: Setting CVar [[r.VolumetricFog.GridPixelSize:8]]
[2022.02.13-07.21.45:460][  0]LogConfig: Setting CVar [[r.VolumetricFog.GridSizeZ:128]]
[2022.02.13-07.21.45:460][  0]LogConfig: Setting CVar [[r.VolumetricFog.HistoryMissSupersampleCount:4]]
[2022.02.13-07.21.45:460][  0]LogConfig: Setting CVar [[r.LightMaxDrawDistanceScale:1]]
[2022.02.13-07.21.45:460][  0]LogConfig: Setting CVar [[r.CapsuleShadows:1]]
[2022.02.13-07.21.45:460][  0]LogConfig: Applying CVar settings from Section [PostProcessQuality@3] File [C:/Users/chira/OneDrive - University of Illinois - Urbana/UIUC/semester 8/CS 498 GD/InfiniteMatrixStarter/Saved/Config/Windows/Scalability.ini]
[2022.02.13-07.21.45:460][  0]LogConfig: Setting CVar [[r.MotionBlurQuality:4]]
[2022.02.13-07.21.45:460][  0]LogConfig: Setting CVar [[r.AmbientOcclusionMipLevelFactor:0.4]]
[2022.02.13-07.21.45:460][  0]LogConfig: Setting CVar [[r.AmbientOcclusionMaxQuality:100]]
[2022.02.13-07.21.45:460][  0]LogConfig: Setting CVar [[r.AmbientOcclusionLevels:-1]]
[2022.02.13-07.21.45:460][  0]LogConfig: Setting CVar [[r.AmbientOcclusionRadiusScale:1.0]]
[2022.02.13-07.21.45:460][  0]LogConfig: Setting CVar [[r.DepthOfFieldQuality:2]]
[2022.02.13-07.21.45:460][  0]LogConfig: Setting CVar [[r.RenderTargetPoolMin:400]]
[2022.02.13-07.21.45:460][  0]LogConfig: Setting CVar [[r.LensFlareQuality:2]]
[2022.02.13-07.21.45:460][  0]LogConfig: Setting CVar [[r.SceneColorFringeQuality:1]]
[2022.02.13-07.21.45:460][  0]LogConfig: Setting CVar [[r.EyeAdaptationQuality:2]]
[2022.02.13-07.21.45:460][  0]LogConfig: Setting CVar [[r.BloomQuality:5]]
[2022.02.13-07.21.45:460][  0]LogConfig: Setting CVar [[r.FastBlurThreshold:100]]
[2022.02.13-07.21.45:460][  0]LogConfig: Setting CVar [[r.Upscale.Quality:3]]
[2022.02.13-07.21.45:460][  0]LogConfig: Setting CVar [[r.Tonemapper.GrainQuantization:1]]
[2022.02.13-07.21.45:460][  0]LogConfig: Setting CVar [[r.LightShaftQuality:1]]
[2022.02.13-07.21.45:460][  0]LogConfig: Setting CVar [[r.Filter.SizeScale:1]]
[2022.02.13-07.21.45:460][  0]LogConfig: Setting CVar [[r.Tonemapper.Quality:5]]
[2022.02.13-07.21.45:460][  0]LogConfig: Setting CVar [[r.DOF.Gather.AccumulatorQuality:1        ; higher gathering accumulator quality]]
[2022.02.13-07.21.45:460][  0]LogConfig: Setting CVar [[r.DOF.Gather.PostfilterMethod:1          ; Median3x3 postfilering method]]
[2022.02.13-07.21.45:460][  0]LogConfig: Setting CVar [[r.DOF.Gather.EnableBokehSettings:0       ; no bokeh simulation when gathering]]
[2022.02.13-07.21.45:460][  0]LogConfig: Setting CVar [[r.DOF.Gather.RingCount:4                 ; medium number of samples when gathering]]
[2022.02.13-07.21.45:460][  0]LogConfig: Setting CVar [[r.DOF.Scatter.ForegroundCompositing:1    ; additive foreground scattering]]
[2022.02.13-07.21.45:460][  0]LogConfig: Setting CVar [[r.DOF.Scatter.BackgroundCompositing:2    ; additive background scattering]]
[2022.02.13-07.21.45:460][  0]LogConfig: Setting CVar [[r.DOF.Scatter.EnableBokehSettings:1      ; bokeh simulation when scattering]]
[2022.02.13-07.21.45:460][  0]LogConfig: Setting CVar [[r.DOF.Scatter.MaxSpriteRatio:0.1         ; only a maximum of 10% of scattered bokeh]]
[2022.02.13-07.21.45:460][  0]LogConfig: Setting CVar [[r.DOF.Recombine.Quality:1                ; cheap slight out of focus]]
[2022.02.13-07.21.45:460][  0]LogConfig: Setting CVar [[r.DOF.Recombine.EnableBokehSettings:0    ; no bokeh simulation on slight out of focus]]
[2022.02.13-07.21.45:460][  0]LogConfig: Setting CVar [[r.DOF.TemporalAAQuality:1                ; more stable temporal accumulation]]
[2022.02.13-07.21.45:460][  0]LogConfig: Setting CVar [[r.DOF.Kernel.MaxForegroundRadius:0.025]]
[2022.02.13-07.21.45:460][  0]LogConfig: Setting CVar [[r.DOF.Kernel.MaxBackgroundRadius:0.025]]
[2022.02.13-07.21.45:460][  0]LogConfig: Applying CVar settings from Section [TextureQuality@3] File [C:/Users/chira/OneDrive - University of Illinois - Urbana/UIUC/semester 8/CS 498 GD/InfiniteMatrixStarter/Saved/Config/Windows/Scalability.ini]
[2022.02.13-07.21.45:460][  0]LogConfig: Setting CVar [[r.Streaming.MipBias:0]]
[2022.02.13-07.21.45:460][  0]LogConfig: Setting CVar [[r.Streaming.AmortizeCPUToGPUCopy:0]]
[2022.02.13-07.21.45:460][  0]LogConfig: Setting CVar [[r.Streaming.MaxNumTexturesToStreamPerFrame:0]]
[2022.02.13-07.21.45:460][  0]LogConfig: Setting CVar [[r.Streaming.Boost:1]]
[2022.02.13-07.21.45:460][  0]LogConfig: Setting CVar [[r.MaxAnisotropy:8]]
[2022.02.13-07.21.45:460][  0]LogConfig: Setting CVar [[r.VT.MaxAnisotropy:8]]
[2022.02.13-07.21.45:460][  0]LogConfig: Setting CVar [[r.Streaming.LimitPoolSizeToVRAM:0]]
[2022.02.13-07.21.45:460][  0]LogConfig: Setting CVar [[r.Streaming.PoolSize:1000]]
[2022.02.13-07.21.45:460][  0]LogConfig: Setting CVar [[r.Streaming.MaxEffectiveScreenSize:0]]
[2022.02.13-07.21.45:460][  0]LogConfig: Applying CVar settings from Section [EffectsQuality@3] File [C:/Users/chira/OneDrive - University of Illinois - Urbana/UIUC/semester 8/CS 498 GD/InfiniteMatrixStarter/Saved/Config/Windows/Scalability.ini]
[2022.02.13-07.21.45:460][  0]LogConfig: Setting CVar [[r.TranslucencyLightingVolumeDim:64]]
[2022.02.13-07.21.45:460][  0]LogConfig: Setting CVar [[r.RefractionQuality:2]]
[2022.02.13-07.21.45:460][  0]LogConfig: Setting CVar [[r.SSR.Quality:3]]
[2022.02.13-07.21.45:460][  0]LogConfig: Setting CVar [[r.SSR.HalfResSceneColor:0]]
[2022.02.13-07.21.45:460][  0]LogConfig: Setting CVar [[r.SceneColorFormat:4]]
[2022.02.13-07.21.45:460][  0]LogConfig: Setting CVar [[r.DetailMode:2]]
[2022.02.13-07.21.45:460][  0]LogConfig: Setting CVar [[r.TranslucencyVolumeBlur:1]]
[2022.02.13-07.21.45:460][  0]LogConfig: Setting CVar [[r.MaterialQualityLevel:1 ; High quality]]
[2022.02.13-07.21.45:460][  0]LogConfig: Setting CVar [[r.AnisotropicMaterials:1]]
[2022.02.13-07.21.45:460][  0]LogConfig: Setting CVar [[r.SSS.Scale:1]]
[2022.02.13-07.21.45:460][  0]LogConfig: Setting CVar [[r.SSS.SampleSet:2]]
[2022.02.13-07.21.45:460][  0]LogConfig: Setting CVar [[r.SSS.Quality:1]]
[2022.02.13-07.21.45:460][  0]LogConfig: Setting CVar [[r.SSS.HalfRes:0]]
[2022.02.13-07.21.45:460][  0]LogConfig: Setting CVar [[r.SSGI.Quality:3]]
[2022.02.13-07.21.45:460][  0]LogConfig: Setting CVar [[r.EmitterSpawnRateScale:1.0]]
[2022.02.13-07.21.45:460][  0]LogConfig: Setting CVar [[r.ParticleLightQuality:2]]
[2022.02.13-07.21.45:460][  0]LogConfig: Setting CVar [[r.SkyAtmosphere.AerialPerspectiveLUT.FastApplyOnOpaque:1 ; Always have FastSkyLUT 1 in this case to avoid wrong sky]]
[2022.02.13-07.21.45:460][  0]LogConfig: Setting CVar [[r.SkyAtmosphere.AerialPerspectiveLUT.SampleCountMaxPerSlice:4]]
[2022.02.13-07.21.45:460][  0]LogConfig: Setting CVar [[r.SkyAtmosphere.AerialPerspectiveLUT.DepthResolution:16.0]]
[2022.02.13-07.21.45:460][  0]LogConfig: Setting CVar [[r.SkyAtmosphere.FastSkyLUT:1]]
[2022.02.13-07.21.45:460][  0]LogConfig: Setting CVar [[r.SkyAtmosphere.FastSkyLUT.SampleCountMin:4.0]]
[2022.02.13-07.21.45:460][  0]LogConfig: Setting CVar [[r.SkyAtmosphere.FastSkyLUT.SampleCountMax:128.0]]
[2022.02.13-07.21.45:460][  0]LogConfig: Setting CVar [[r.SkyAtmosphere.SampleCountMin:4.0]]
[2022.02.13-07.21.45:460][  0]LogConfig: Setting CVar [[r.SkyAtmosphere.SampleCountMax:128.0]]
[2022.02.13-07.21.45:460][  0]LogConfig: Setting CVar [[r.SkyAtmosphere.TransmittanceLUT.UseSmallFormat:0]]
[2022.02.13-07.21.45:461][  0]LogConfig: Setting CVar [[r.SkyAtmosphere.TransmittanceLUT.SampleCount:10.0]]
[2022.02.13-07.21.45:461][  0]LogConfig: Setting CVar [[r.SkyAtmosphere.MultiScatteringLUT.SampleCount:15.0]]
[2022.02.13-07.21.45:461][  0]LogConfig: Setting CVar [[r.SkyLight.RealTimeReflectionCapture:1]]
[2022.02.13-07.21.45:461][  0]LogConfig: Applying CVar settings from Section [FoliageQuality@3] File [C:/Users/chira/OneDrive - University of Illinois - Urbana/UIUC/semester 8/CS 498 GD/InfiniteMatrixStarter/Saved/Config/Windows/Scalability.ini]
[2022.02.13-07.21.45:461][  0]LogConfig: Setting CVar [[foliage.DensityScale:1.0]]
[2022.02.13-07.21.45:461][  0]LogConfig: Setting CVar [[grass.DensityScale:1.0]]
[2022.02.13-07.21.45:461][  0]LogConfig: Applying CVar settings from Section [ShadingQuality@3] File [C:/Users/chira/OneDrive - University of Illinois - Urbana/UIUC/semester 8/CS 498 GD/InfiniteMatrixStarter/Saved/Config/Windows/Scalability.ini]
[2022.02.13-07.21.45:461][  0]LogConfig: Setting CVar [[r.HairStrands.SkyLighting.IntegrationType:2]]
[2022.02.13-07.21.45:461][  0]LogConfig: Setting CVar [[r.HairStrands.SkyAO.SampleCount:4]]
[2022.02.13-07.21.45:461][  0]LogConfig: Setting CVar [[r.HairStrands.Visibility.MSAA.SamplePerPixel:4]]
[2022.02.13-07.21.45:461][  0]LogConfig: Applying CVar settings from Section [Startup] File [../../../Engine/Config/ConsoleVariables.ini]
[2022.02.13-07.21.45:461][  0]LogConfig: Setting CVar [[net.UseAdaptiveNetUpdateFrequency:0]]
[2022.02.13-07.21.45:461][  0]LogConfig: Setting CVar [[p.chaos.AllowCreatePhysxBodies:1]]
[2022.02.13-07.21.45:461][  0]LogConfig: Setting CVar [[fx.SkipVectorVMBackendOptimizations:1]]
[2022.02.13-07.21.45:461][  0]LogConfig: Applying CVar settings from Section [ConsoleVariables] File [C:/Users/chira/OneDrive - University of Illinois - Urbana/UIUC/semester 8/CS 498 GD/InfiniteMatrixStarter/Saved/Config/Windows/Engine.ini]
[2022.02.13-07.21.45:461][  0]LogConfig: Applying CVar settings from Section [ConsoleVariables] File [C:/Users/chira/OneDrive - University of Illinois - Urbana/UIUC/semester 8/CS 498 GD/InfiniteMatrixStarter/Saved/Config/Windows/Editor.ini]
[2022.02.13-07.21.45:461][  0]LogInit: Computer: LAPTOP-719NOJ1R
[2022.02.13-07.21.45:461][  0]LogInit: User: chirag
[2022.02.13-07.21.45:461][  0]LogInit: CPU Page size=4096, Cores=8
[2022.02.13-07.21.45:461][  0]LogInit: High frequency timer resolution =10.000000 MHz
[2022.02.13-07.21.45:461][  0]LogMemory: Memory total: Physical=15.4GB (16GB approx)
[2022.02.13-07.21.45:461][  0]LogMemory: Platform Memory Stats for Windows
[2022.02.13-07.21.45:461][  0]LogMemory: Process Physical Memory: 141.70 MB used, 141.71 MB peak
[2022.02.13-07.21.45:461][  0]LogMemory: Process Virtual Memory: 112.70 MB used, 112.70 MB peak
[2022.02.13-07.21.45:461][  0]LogMemory: Physical Memory: 12472.83 MB used,  3268.47 MB free, 15741.30 MB total
[2022.02.13-07.21.45:461][  0]LogMemory: Virtual Memory: 134214176.00 MB used,  3548.17 MB free, 134217728.00 MB total
[2022.02.13-07.21.45:471][  0]LogWindows: WindowsPlatformFeatures enabled
[2022.02.13-07.21.45:533][  0]LogInit: Physics initialised using underlying interface: PhysX
[2022.02.13-07.21.45:533][  0]LogInit: Using OS detected language (en-US).
[2022.02.13-07.21.45:533][  0]LogInit: Using OS detected locale (en-US).
[2022.02.13-07.21.45:542][  0]LogTextLocalizationManager: No specific localization for 'en-US' exists, so the 'en' localization will be used.
[2022.02.13-07.21.45:853][  0]LogWindowsTextInputMethodSystem: Display: IME system deactivated.
[2022.02.13-07.21.45:874][  0]LogSlate: New Slate User Created.  User Index 0, Is Virtual User: 0
[2022.02.13-07.21.45:875][  0]LogSlate: Slate User Registered.  User Index 0, Is Virtual User: 0
[2022.02.13-07.21.45:891][  0]LogD3D11RHI: Loaded GFSDK_Aftermath_Lib.x64.dll
[2022.02.13-07.21.45:898][  0]LogHMD: Failed to initialize OpenVR with code 110
[2022.02.13-07.21.45:898][  0]LogD3D11RHI: D3D11 min allowed feature level: 11_0
[2022.02.13-07.21.45:898][  0]LogD3D11RHI: D3D11 max allowed feature level: 11_0
[2022.02.13-07.21.45:898][  0]LogD3D11RHI: D3D11 adapters:
[2022.02.13-07.21.45:964][  0]LogD3D11RHI:    0. 'AMD Radeon(TM) Graphics' (Feature Level 11_0)
[2022.02.13-07.21.45:964][  0]LogD3D11RHI:       495/0/7870 MB DedicatedVideo/DedicatedSystem/SharedSystem, Outputs:1, VendorId:0x1002
[2022.02.13-07.21.45:969][  0]LogD3D11RHI:    1. 'Microsoft Basic Render Driver' (Feature Level 11_0)
[2022.02.13-07.21.45:969][  0]LogD3D11RHI:       0/0/7870 MB DedicatedVideo/DedicatedSystem/SharedSystem, Outputs:0, VendorId:0x1414
[2022.02.13-07.21.45:969][  0]LogD3D11RHI: Chosen D3D11 Adapter:
[2022.02.13-07.21.45:969][  0]LogD3D11RHI:     Description : AMD Radeon(TM) Graphics
[2022.02.13-07.21.45:969][  0]LogD3D11RHI:     VendorId    : 1002
[2022.02.13-07.21.45:969][  0]LogD3D11RHI:     DeviceId    : 1636
[2022.02.13-07.21.45:969][  0]LogD3D11RHI:     SubSysId    : 380c17aa
[2022.02.13-07.21.45:969][  0]LogD3D11RHI:     Revision    : 00c2
[2022.02.13-07.21.45:969][  0]LogD3D11RHI:     DedicatedVideoMemory : 520073216 bytes
[2022.02.13-07.21.45:969][  0]LogD3D11RHI:     DedicatedSystemMemory : 0 bytes
[2022.02.13-07.21.45:969][  0]LogD3D11RHI:     SharedSystemMemory : 8252977152 bytes
[2022.02.13-07.21.45:969][  0]LogD3D11RHI:     AdapterLuid : 0 53265
[2022.02.13-07.21.45:979][  0]LogD3D11RHI: Creating new Direct3DDevice
[2022.02.13-07.21.45:980][  0]LogD3D11RHI:     GPU DeviceId: 0x1636 (for the marketing name, search the web for "GPU Device Id")
[2022.02.13-07.21.45:980][  0]LogWindows: EnumDisplayDevices:
[2022.02.13-07.21.45:980][  0]LogWindows:    0. 'AMD Radeon(TM) Graphics' (P:1 D:1)
[2022.02.13-07.21.45:980][  0]LogWindows:    1. 'AMD Radeon(TM) Graphics' (P:0 D:0)
[2022.02.13-07.21.45:981][  0]LogWindows:    2. 'AMD Radeon(TM) Graphics' (P:0 D:0)
[2022.02.13-07.21.45:981][  0]LogWindows:    3. 'AMD Radeon(TM) Graphics' (P:0 D:0)
[2022.02.13-07.21.45:981][  0]LogWindows:    4. 'AMD Radeon(TM) Graphics' (P:0 D:0)
[2022.02.13-07.21.45:982][  0]LogWindows:    5. 'AMD Radeon(TM) Graphics' (P:0 D:0)
[2022.02.13-07.21.45:982][  0]LogWindows: DebugString: FoundDriverCount:6 
[2022.02.13-07.21.45:982][  0]LogD3D11RHI:     Adapter Name: AMD Radeon(TM) Graphics
[2022.02.13-07.21.45:982][  0]LogD3D11RHI:   Driver Version: Adrenalin 21.10.30.01 (internal:27.20.21030.1005, unified:27.20.21030.1005)
[2022.02.13-07.21.45:982][  0]LogD3D11RHI:      Driver Date: 7-9-2021
[2022.02.13-07.21.45:982][  0]LogRHI: Texture pool is 5384 MB (70% of 7692 MB)
[2022.02.13-07.21.46:003][  0]LogD3D11RHI: Creating D3DDevice with AMD AGS, using adapter:
[2022.02.13-07.21.46:003][  0]LogD3D11RHI:     Description : AMD Radeon(TM) Graphics
[2022.02.13-07.21.46:003][  0]LogD3D11RHI:     VendorId    : 1002
[2022.02.13-07.21.46:003][  0]LogD3D11RHI:     DeviceId    : 1636
[2022.02.13-07.21.46:003][  0]LogD3D11RHI:     SubSysId    : 380c17aa
[2022.02.13-07.21.46:003][  0]LogD3D11RHI:     Revision    : 00c2
[2022.02.13-07.21.46:003][  0]LogD3D11RHI:     DedicatedVideoMemory : 520073216 bytes
[2022.02.13-07.21.46:003][  0]LogD3D11RHI:     DedicatedSystemMemory : 0 bytes
[2022.02.13-07.21.46:003][  0]LogD3D11RHI:     SharedSystemMemory : 8252977152 bytes
[2022.02.13-07.21.46:003][  0]LogD3D11RHI:     AdapterLuid : 0 53265
[2022.02.13-07.21.46:057][  0]LogD3D11RHI: Created device via AGS, feature level 11_0, supported extensions 1fffffbf.
[2022.02.13-07.21.46:057][  0]LogD3D11RHI: RHI has support for 64 bit atomics
[2022.02.13-07.21.46:057][  0]LogD3D11RHI: Async texture creation enabled
[2022.02.13-07.21.46:057][  0]LogD3D11RHI: Array index from any shader is supported
[2022.02.13-07.21.46:075][  0]LogD3D11RHI: GPU Timing Frequency: 100.000000 (Debug: 2 1)
[2022.02.13-07.21.46:558][  0]LogTargetPlatformManager: Display: Loaded TargetPlatform 'WindowsNoEditor'
[2022.02.13-07.21.46:566][  0]LogTargetPlatformManager: Display: Loaded TargetPlatform 'Windows'
[2022.02.13-07.21.46:575][  0]LogTargetPlatformManager: Display: Loaded TargetPlatform 'WindowsClient'
[2022.02.13-07.21.46:583][  0]LogTargetPlatformManager: Display: Loaded TargetPlatform 'WindowsServer'
[2022.02.13-07.21.46:583][  0]LogTargetPlatformManager: Display: Building Assets For Windows
[2022.02.13-07.21.46:601][  0]LogAudioDebug: Display: Lib vorbis DLL was dynamically loaded.
[2022.02.13-07.21.46:681][  0]LogTextureFormatOodle: Display: Oodle Texture 2.9.0 init RDO Off
[2022.02.13-07.21.46:762][  0]LogRendererCore: Ray tracing is disabled. Reason: r.RayTracing=0.
[2022.02.13-07.21.46:762][  0]LogShaderCompilers: Guid format shader working directory is -75 characters bigger than the processId version (../../../../../../Users/chira/OneDrive - University of Illinois - Urbana/UIUC/semester 8/CS 498 GD/InfiniteMatrixStarter/Intermediate/Shaders/WorkingDirectory/13364/).
[2022.02.13-07.21.46:763][  0]LogShaderCompilers: Cleaned the shader compiler working directory 'C:/Users/chira/AppData/Local/Temp/UnrealShaderWorkingDir/AFD549CC42236C13DC13468F65E25120/'.
[2022.02.13-07.21.46:763][  0]LogXGEController: Cannot use XGE Controller as Incredibuild is not installed on this machine.
[2022.02.13-07.21.46:763][  0]LogShaderCompilers: Cannot use XGE Shader Compiler as Incredibuild is not installed on this machine.
[2022.02.13-07.21.46:763][  0]LogShaderCompilers: Display: Using Local Shader Compiler.
[2022.02.13-07.21.47:587][  0]LogDerivedDataCache: Display: Max Cache Size: 512 MB
[2022.02.13-07.21.47:665][  0]LogDerivedDataCache: Loaded boot cache 0.08s 94MB C:/Users/chira/AppData/Local/UnrealEngine/4.27/DerivedDataCache/Boot.ddc.
[2022.02.13-07.21.47:665][  0]LogDerivedDataCache: Display: Loaded Boot cache: C:/Users/chira/AppData/Local/UnrealEngine/4.27/DerivedDataCache/Boot.ddc
[2022.02.13-07.21.47:665][  0]LogDerivedDataCache: FDerivedDataBackendGraph:  Pak pak cache file ../../../../../../Users/chira/OneDrive - University of Illinois - Urbana/UIUC/semester 8/CS 498 GD/InfiniteMatrixStarter/DerivedDataCache/DDC.ddp not found, will not use a pak cache.
[2022.02.13-07.21.47:665][  0]LogDerivedDataCache: Unable to find inner node Pak for hierarchical cache Hierarchy.
[2022.02.13-07.21.47:665][  0]LogDerivedDataCache: FDerivedDataBackendGraph:  CompressedPak pak cache file ../../../../../../Users/chira/OneDrive - University of Illinois - Urbana/UIUC/semester 8/CS 498 GD/InfiniteMatrixStarter/DerivedDataCache/Compressed.ddp not found, will not use a pak cache.
[2022.02.13-07.21.47:665][  0]LogDerivedDataCache: Unable to find inner node CompressedPak for hierarchical cache Hierarchy.
[2022.02.13-07.21.47:685][  0]LogDerivedDataCache: Display: Pak cache opened for reading ../../../Engine/DerivedDataCache/Compressed.ddp.
[2022.02.13-07.21.47:686][  0]LogDerivedDataCache: FDerivedDataBackendGraph:  EnterprisePak pak cache file ../../../Enterprise/DerivedDataCache/Compressed.ddp not found, will not use a pak cache.
[2022.02.13-07.21.47:686][  0]LogDerivedDataCache: Unable to find inner node EnterprisePak for hierarchical cache Hierarchy.
[2022.02.13-07.21.47:696][  0]LogDerivedDataCache: Speed tests for C:/Users/chira/AppData/Local/UnrealEngine/Common/DerivedDataCache took 0.01 seconds
[2022.02.13-07.21.47:696][  0]LogDerivedDataCache: Display: Performance to C:/Users/chira/AppData/Local/UnrealEngine/Common/DerivedDataCache: Latency=0.03ms. RandomReadSpeed=771.14MBs, RandomWriteSpeed=107.14MBs. Assigned SpeedClass 'Local'
[2022.02.13-07.21.47:697][  0]LogDerivedDataCache: Using Local data cache path C:/Users/chira/AppData/Local/UnrealEngine/Common/DerivedDataCache: Writable
[2022.02.13-07.21.47:697][  0]LogDerivedDataCache: Shared data cache path not found in *engine.ini, will not use an Shared cache.
[2022.02.13-07.21.47:697][  0]LogDerivedDataCache: Unable to find inner node Shared for hierarchical cache Hierarchy.
[2022.02.13-07.21.47:741][  0]LogSlate: Using FreeType 2.10.0
[2022.02.13-07.21.47:742][  0]LogSlate: SlateFontServices - WITH_FREETYPE: 1, WITH_HARFBUZZ: 1
[2022.02.13-07.21.47:870][  0]LogInit: Using OS detected language (en-US).
[2022.02.13-07.21.47:870][  0]LogInit: Using OS detected locale (en-US).
[2022.02.13-07.21.47:870][  0]LogTextLocalizationManager: No localization for 'en-US' exists, so 'en' will be used for the language.
[2022.02.13-07.21.47:870][  0]LogTextLocalizationManager: No localization for 'en-US' exists, so 'en' will be used for the locale.
[2022.02.13-07.21.47:870][  0]LogSlate: FontCache flush requested. Reason: Culture for localization was changed
[2022.02.13-07.21.47:870][  0]LogSlate: FontCache flush requested. Reason: Culture for localization was changed
[2022.02.13-07.21.47:874][  0]LogTextLocalizationManager: Compacting localization data took   0.01ms
[2022.02.13-07.21.47:874][  0]LogAssetRegistry: FAssetRegistry took 0.0023 seconds to start up
[2022.02.13-07.21.48:054][  0]LogPackageLocalizationCache: Processed 27 localized package path(s) for 1 prioritized culture(s) in 0.002185 seconds
[2022.02.13-07.21.48:161][  0]LogInit: Selected Device Profile: [Windows]
[2022.02.13-07.21.48:162][  0]LogInit: Active device profile: [000002396FC11400][00000239678A82C0 49] Windows
[2022.02.13-07.21.48:162][  0]LogInit: Profiles: [000002396FC11400][00000239678A82C0 49] Windows, [000002396FBE6400][0000023966D02540 49] WindowsNoEditor, [000002396FC12200][00000239678B0800 49] WindowsServer, [000002396FBE7100][00000239678B4AC0 49] WindowsClient, [000002396FC12F00][00000239678B8D80 49] IOS, [000002396FBE7E00][00000239678BD040 49] iPadAir, [000002396FC13C00][00000239678C1300 49] iPadAir2, [000002396FB8E600][00000239678D5840 49] IPadPro, [000002396FB8E700][00000239678C5880 49] iPadAir3, [000002396FBE4300][00000239678CDB40 49] iPadAir4, [000002396FB8F500][00000239678C8280 49] iPadMini2, [000002396FBE6800][00000239678AC500 49] iPadMini3, [000002396FB8E400][00000239678D0780 49] iPadMini4, [000002396FBE5700][00000239678DCA40 49] iPadMini5, [000002396FBCDF00][00000239678F0F80 49] iPhone6, [000002396FBCE000][00000239678E0FC0 49] iPodTouch6, [000002396FC12D00][000002396759F500 49] iPhone7, [000002396FC11500][00000239678E9540 49] iPodTouch7, [000002396FB8F200][00000239678ED800 49] iPhone5S, [000002396FC12000][00000239678E5AC0 49] iPhone6Plus, [000002396FB8D200][000002396759A200 49] iPhone6S, [000002396FC12B00][00000239675A24C0 49] iPhone6SPlus, [000002396FB8CA00][00000239678D8740 49] iPhone7Plus, [000002396FC11100][00000239675A69C0 49] iPhoneSE, [000002396FB8C800][00000239675AEC80 49] iPhone8, [000002396FC12C00][00000239675B2F40 49] iPhone8Plus, [000002396FB8F100][00000239675B7200 49] iPhoneX, [000002396FC10F00][00000239675BB4C0 49] iPhoneXS, [000002396FB8EF00][00000239675BF780 49] iPhoneXSMax, [000002396FC12900][00000239675C3A40 49] iPhoneXR, [000002396FBCC400][00000239675C6180 49] iPhone11, [000002396FB8D300][00000239675CA440 49] iPhone11Pro, [000002396FBCCC00][00000239675CE700 49] iPhone11ProMax, [000002396FB8DB00][00000239675AA980 49] iPhoneSE2, [000002396FBCD400][00000239675D6C40 49] iPhone12Mini, [000002396FB8E300][00000239675DAF00 49] iPhone12, [000002396FBCDA00][00000239675DF1C0 49] iPhone12Pro, [000002396FB8E100][00000239675E3480 49] iPhone12ProMax, [000002396FBCDD00][00000239675E7740 49] iPadPro105, [000002396FB8DC00][00000239675EBA00 49] iPadPro129, [000002396FBCFF00][0000023967032140 49] iPadPro97, [000002396FB8C400][0000023967036400 49] iPadPro2_129, [000002396FC11D00][000002396703A6C0 49] iPad5, [000002396FBCDE00][00000239675D2940 49] iPad6, [000002396FB8DF00][000002396703EBC0 49] iPad7, [000002396FBCC800][0000023967046E80 49] iPad8, [000002396FB8C900][000002396704B140 49] iPadPro11, [000002396FBCC900][000002396704F400 49] iPadPro2_11, [000002396FB8D400][00000239670536C0 49] iPadPro3_129, [000002396FBCCF00][0000023967057980 49] iPadPro4_129, [000002396FB8CD00][000002396705A0C0 49] AppleTV, [000002396FBCC500][000002396705E380 49] AppleTV4K, [000002396FB8C100][0000023967062640 49] TVOS, [000002396FBCF000][0000023967066900 49] Mac, [000002396FB8F700][0000023967042B80 49] MacClient, [000002396FBCE500][000002396706AE00 49] MacNoEditor, [000002396FB8D800][00000239670730C0 49] MacServer, [000002396FBCEE00][0000023967077380 49] Linux, [000002396FB8E500][000002396707B640 49] LinuxAArch64, [000002396FBCC300][000002396707F900 49] LinuxNoEditor, [000002396FB8F400][0000023967083BC0 49] LinuxAArch64NoEditor, [000002396FBCD700][0000023967086300 49] LinuxClient, [000002396FB8C300][000002396708A5C0 49] LinuxAArch64Client, [000002396FBCF300][000002396708E880 49] LinuxServer, [000002396FB8F000][0000023967092B40 49] LinuxAArch64Server, [000002396FBCE700][000002396706EDC0 49] Android, [000002396FB8DD00][0000023967097040 49] Android_Low, [000002396FBCEA00][000002396709F300 49] Android_Mid, [000002396FB8D100][00000239670A35C0 49] Android_High, [000002396FBCE100][00000239670A7880 49] Android_Default, [000002396FB8C500][00000239670ABB40 49] Android_Adreno4xx, [000002396FBCEF00][00000239670AE280 49] Android_Adreno5xx_Low, [000002396FB8E900][00000239670B2540 49] Android_Adreno5xx, [000002396FBCC200][00000239670B6800 49] Android_Adreno6xx, [000002396FB8FA00][00000239670BAAC0 49] Android_Adreno6xx_Vulkan, [000002396FBCFB00][00000239670BED80 49] Android_Mali_T6xx, [000002396FB8D600][000002396709B000 49] Android_Mali_T7xx, [000002396FBCDC00][00000239670C3280 49] Android_Mali_T8xx, [000002396FB8DA00][00000239670CB540 49] Android_Mali_G71, [000002396FBCD300][00000239670CF800 49] Android_Mali_G72, [000002396FB8FB00][00000239670D3AC0 49] Android_Mali_G72_Vulkan, [000002396FBCF600][00000239670D6200 49] Android_Mali_G76, [000002396FB8EC00][00000239670DA4C0 49] Android_Mali_G76_Vulkan, [000002396FBCD000][00000239670DE780 49] Android_Mali_G77, [000002396FB8D000][00000239670E2A40 49] Android_Mali_G77_Vulkan, [000002396FBCEC00][00000239670E6D00 49] Android_Mali_G78, [000002396FB8CC00][00000239670EAFC0 49] Android_Mali_G78_Vulkan, [000002396FBCED00][00000239670C7240 49] Android_Mali_G710, [000002396FB8C700][00000239670EF4C0 49] Android_Mali_G710_Vulkan, [000002396FBE5800][00000239670F7780 49] Android_Vulkan_SM5, [000002396FC10E00][00000239670FBA40 49] Android_PowerVR_G6xxx, [000002396FBE4B00][00000239670FE180 49] Android_PowerVR_GT7xxx, [000002396FC10400][0000023967102440 49] Android_PowerVR_GE8xxx, [000002396FBE6E00][0000023967106700 49] Android_PowerVR_GM9xxx, [000002396FC13F00][000002396710A9C0 49] Android_PowerVR_GM9xxx_Vulkan, [000002396FBE4D00][000002396710EC80 49] Android_TegraK1, [000002396FC12A00][0000023967112F40 49] Android_Unknown_Vulkan, [000002396FBE7D00][0000023967117200 49] Lumin, [000002396FC13400][00000239670F3480 49] Lumin_Desktop, [000002396FBE4400][000002396711B700 49] HoloLens, 
[2022.02.13-07.21.48:848][  0]LogMeshReduction: Using QuadricMeshReduction for automatic static mesh reduction
[2022.02.13-07.21.48:848][  0]LogMeshReduction: Using SimplygonMeshReduction for automatic skeletal mesh reduction
[2022.02.13-07.21.48:848][  0]LogMeshReduction: Using ProxyLODMeshReduction for automatic mesh merging
[2022.02.13-07.21.48:848][  0]LogMeshReduction: No distributed automatic mesh merging module available
[2022.02.13-07.21.48:848][  0]LogMeshMerging: No distributed automatic mesh merging module available
[2022.02.13-07.21.49:009][  0]LogNetVersion: InfiniteMatrix 1.0.0, NetCL: 17155196, EngineNetVer: 17, GameNetVer: 0 (Checksum: 1551001080)
[2022.02.13-07.21.49:345][  0]LogTexture: Default maximum texture size for cubemaps generated from long-lat sources has been changed from 512 to unlimited. In order to preserve old behaiour for '/Engine/MapTemplates/Sky/DaylightAmbientCubemap.DaylightAmbientCubemap', its maximum texture size has been explicitly set to 512.
[2022.02.13-07.21.49:439][  0]LogHMD: PokeAHoleMaterial loaded successfully
[2022.02.13-07.21.50:234][  0]LogMoviePlayer: Initializing movie player
[2022.02.13-07.21.50:821][  0]LogTcpMessaging: Initializing TcpMessaging bridge
[2022.02.13-07.21.50:830][  0]LogUdpMessaging: Initializing bridge on interface 0.0.0.0:0 to multicast group 230.0.0.1:6666.
[2022.02.13-07.21.50:860][  0]LogPython: Using Python 3.7.7
