Log file open, 02/13/22 01:21:37
LogWindows: Failed to load 'aqProf.dll' (GetLastError=126)
LogWindows: File 'aqProf.dll' does not exist
LogWindows: Failed to load 'VtuneApi.dll' (GetLastError=126)
LogWindows: File 'VtuneApi.dll' does not exist
LogWindows: Failed to load 'VtuneApi32e.dll' (GetLastError=126)
LogWindows: File 'VtuneApi32e.dll' does not exist
LogConsoleResponse: Display: Failed to find resolution value strings in scalability ini. Falling back to default.
LogConsoleResponse: Display: Failed to find resolution value strings in scalability ini. Falling back to default.
LogInit: Display: Running engine for game: InfiniteMatrix
LogPlatformFile: Not using cached read wrapper
LogTaskGraph: Started task graph with 5 named threads and 26 total threads with 3 sets of task threads.
LogStats: Stats thread started at 2.118212
LogICUInternationalization: ICU TimeZone Detection - Raw Offset: -6:00, Platform Override: ''
LogInit: Display: Loading text-based GConfig....
LogPluginManager: Mounting plugin MeshPainting
LogPluginManager: Mounting plugin XGEController
LogPluginManager: Mounting plugin Paper2D
LogPluginManager: Mounting plugin AISupport
LogPluginManager: Mounting plugin EnvironmentQueryEditor
LogPluginManager: Mounting plugin LightPropagationVolume
LogPluginManager: Mounting plugin CameraShakePreviewer
LogPluginManager: Mounting plugin GameplayCameras
LogPluginManager: Mounting plugin LiveLink
LogPluginManager: Mounting plugin OodleNetwork
LogPluginManager: Mounting plugin AnimationSharing
LogPluginManager: Mounting plugin CLionSourceCodeAccess
LogPluginManager: Mounting plugin CodeLiteSourceCodeAccess
LogPluginManager: Mounting plugin OodleData
LogPluginManager: Mounting plugin GitSourceControl
LogPluginManager: Mounting plugin KDevelopSourceCodeAccess
LogPluginManager: Mounting plugin NullSourceCodeAccess
LogPluginManager: Mounting plugin PlasticSourceControl
LogPluginManager: Mounting plugin PerforceSourceControl
LogPluginManager: Mounting plugin PluginUtils
LogPluginManager: Mounting plugin PropertyAccessNode
LogPluginManager: Mounting plugin RiderSourceCodeAccess
LogPluginManager: Mounting plugin TextureFormatOodle
LogPluginManager: Mounting plugin PixWinPlugin
LogPluginManager: Mounting plugin SubversionSourceControl
LogPluginManager: Mounting plugin UObjectPlugin
LogPluginManager: Mounting plugin VisualStudioCodeSourceCodeAccess
LogPluginManager: Mounting plugin VisualStudioSourceCodeAccess
LogPluginManager: Mounting plugin XCodeSourceCodeAccess
LogPluginManager: Mounting plugin DatasmithContent
LogPluginManager: Mounting plugin VariantManagerContent
LogPluginManager: Mounting plugin Niagara
LogPluginManager: Mounting plugin LuminPlatformFeatures
LogPluginManager: Mounting plugin MagicLeap
LogPluginManager: Mounting plugin MagicLeapLightEstimation
LogPluginManager: Mounting plugin MagicLeapMedia
LogPluginManager: Mounting plugin MagicLeapPassableWorld
LogPluginManager: Mounting plugin MLSDK
LogPluginManager: Mounting plugin AlembicImporter
LogPluginManager: Mounting plugin BackChannel
LogPluginManager: Mounting plugin AutomationUtils
LogPluginManager: Mounting plugin ChaosCloth
LogPluginManager: Mounting plugin ChaosNiagara
LogPluginManager: Mounting plugin ChaosEditor
LogPluginManager: Mounting plugin ChaosClothEditor
LogPluginManager: Mounting plugin ChaosSolverPlugin
LogPluginManager: Mounting plugin CharacterAI
LogPluginManager: Mounting plugin GeometryCollectionPlugin
LogPluginManager: Mounting plugin GeometryProcessing
LogPluginManager: Mounting plugin MotoSynth
LogPluginManager: Mounting plugin OpenImageDenoise
LogPluginManager: Mounting plugin PlanarCut
LogPluginManager: Mounting plugin PlatformCrypto
LogPluginManager: Mounting plugin ProxyLODPlugin
LogPluginManager: Mounting plugin PythonScriptPlugin
LogPluginManager: Mounting plugin SkeletalReduction
LogPluginManager: Mounting plugin GeometryCache
LogPluginManager: Mounting plugin TcpMessaging
LogPluginManager: Mounting plugin ActorSequence
LogPluginManager: Mounting plugin MatineeToLevelSequence
LogPluginManager: Mounting plugin LevelSequenceEditor
LogPluginManager: Mounting plugin TemplateSequence
LogPluginManager: Mounting plugin AndroidMedia
LogPluginManager: Mounting plugin AvfMedia
LogPluginManager: Mounting plugin MediaCompositing
LogPluginManager: Mounting plugin ImgMedia
LogPluginManager: Mounting plugin WebMMedia
LogPluginManager: Mounting plugin WmfMedia
LogPluginManager: Mounting plugin OnlineSubsystem
LogPluginManager: Mounting plugin OnlineSubsystemNull
LogPluginManager: Mounting plugin OnlineSubsystemUtils
LogPluginManager: Mounting plugin ActorLayerUtilities
LogPluginManager: Mounting plugin AndroidMoviePlayer
LogPluginManager: Mounting plugin AndroidDeviceProfileSelector
LogPluginManager: Mounting plugin AndroidPermission
LogPluginManager: Mounting plugin AppleMoviePlayer
LogPluginManager: Mounting plugin ArchVisCharacter
LogPluginManager: Mounting plugin AppleImageUtils
LogPluginManager: Mounting plugin AssetTags
LogPluginManager: Mounting plugin AudioCapture
LogPluginManager: Mounting plugin AudioSynesthesia
LogPluginManager: Mounting plugin CableComponent
LogPluginManager: Mounting plugin CustomMeshComponent
LogPluginManager: Mounting plugin ChunkDownloader
LogPluginManager: Mounting plugin ExampleDeviceProfileSelector
LogPluginManager: Mounting plugin EditableMesh
LogPluginManager: Mounting plugin GoogleCloudMessaging
LogPluginManager: Mounting plugin GooglePAD
LogPluginManager: Mounting plugin LauncherChunkInstaller
LogPluginManager: Mounting plugin IOSDeviceProfileSelector
LogPluginManager: Mounting plugin LinuxDeviceProfileSelector
LogPluginManager: Mounting plugin LocationServicesBPLibrary
LogPluginManager: Mounting plugin MobilePatchingUtils
LogPluginManager: Mounting plugin OpenXR
LogPluginManager: Mounting plugin OpenXREyeTracker
LogPluginManager: Mounting plugin OpenXRHandTracking
LogPluginManager: Mounting plugin PhysXVehicles
LogPluginManager: Mounting plugin ProceduralMeshComponent
LogPluginManager: Mounting plugin PostSplashScreen
LogPluginManager: Mounting plugin PropertyAccessEditor
LogPluginManager: Mounting plugin RuntimePhysXCooking
LogPluginManager: Mounting plugin SignificanceManager
LogPluginManager: Mounting plugin SoundFields
LogPluginManager: Mounting plugin Synthesis
LogPluginManager: Mounting plugin UdpMessaging
LogPluginManager: Mounting plugin WindowsMoviePlayer
LogPluginManager: Mounting plugin ScreenshotTools
LogPluginManager: Mounting plugin WebMMoviePlayer
LogPluginManager: Mounting plugin AssetManagerEditor
LogPluginManager: Mounting plugin CryptoKeys
LogPluginManager: Mounting plugin CurveEditorTools
LogPluginManager: Mounting plugin DataValidation
LogPluginManager: Mounting plugin FacialAnimation
LogPluginManager: Mounting plugin GameplayTagsEditor
LogPluginManager: Mounting plugin GeometryMode
LogPluginManager: Mounting plugin MediaPlayerEditor
LogPluginManager: Mounting plugin MaterialAnalyzer
LogPluginManager: Mounting plugin MacGraphicsSwitching
LogPluginManager: Mounting plugin PluginBrowser
LogPluginManager: Mounting plugin SpeedTreeImporter
LogPluginManager: Mounting plugin MobileLauncherProfileWizard
LogPluginManager: Mounting plugin Takes
LogPluginManager: Mounting plugin OnlineSubsystemGooglePlay
LogPluginManager: Mounting plugin OnlineSubsystemIOS
LogPluginManager: Mounting plugin OculusVR
LogPluginManager: Mounting plugin SteamVR
LogPluginManager: Mounting plugin ContentBrowserAssetDataSource
LogPluginManager: Mounting plugin ContentBrowserClassDataSource
LogPluginManager: Mounting plugin ContentBrowserFileDataSource
PixWinPlugin: PIX capture plugin failed to initialize! Check that the process is launched from PIX.
LogInit: Using libcurl 7.55.1-DEV
LogInit:  - built for x86_64-pc-win32
LogInit:  - supports SSL with OpenSSL/1.1.1
LogInit:  - supports HTTP deflate (compression) using libz 1.2.8
LogInit:  - other features:
LogInit:      CURL_VERSION_SSL
LogInit:      CURL_VERSION_LIBZ
LogInit:      CURL_VERSION_IPV6
LogInit:      CURL_VERSION_ASYNCHDNS
LogInit:      CURL_VERSION_LARGEFILE
LogInit:      CURL_VERSION_IDN
LogInit:  CurlRequestOptions (configurable via config and command line):
LogInit:  - bVerifyPeer = true  - Libcurl will verify peer certificate
LogInit:  - bUseHttpProxy = false  - Libcurl will NOT use HTTP proxy
LogInit:  - bDontReuseConnections = false  - Libcurl will reuse connections
LogInit:  - MaxHostConnections = 16  - Libcurl will limit the number of connections to a host
LogInit:  - LocalHostAddr = Default
LogInit:  - BufferSize = 65536
LogOnline: OSS: Creating online subsystem instance for: NULL
LogInit: WinSock: version 1.1 (2.2), MaxSocks=32767, MaxUdp=65467
LogOnline: OSS: TryLoadSubsystemAndSetDefault: Loaded subsystem for module [NULL]
LogOculusPluginWrapper: OculusPlugin initialized successfully
LogHMD: Failed initializing OVRPlugin 1.59.0
LogInit: Build: ++UE4+Release-4.27-CL-18319896
LogInit: Engine Version: 4.27.2-18319896+++UE4+Release-4.27
LogInit: Compatible Engine Version: 4.27.0-17155196+++UE4+Release-4.27
LogInit: Net CL: 17155196
LogInit: OS: Windows 10 (Release 2009) (), CPU: AMD Ryzen 7 4700U with Radeon Graphics         , GPU: AMD Radeon(TM) Graphics
LogInit: Compiled (64-bit): Nov 30 2021 07:12:08
LogInit: Compiled with Visual C++: 19.24.28315.00
LogInit: Build Configuration: Development
LogInit: Branch Name: ++UE4+Release-4.27
LogInit: Command Line:  /Game/InfiniteMatrix/Maps/TutorialMap -game -PIEVIACONSOLE -Multiprocess "GameUserSettingsINI=C:/Users/chira/OneDrive - University of Illinois - Urbana/UIUC/semester 8/CS 498 GD/InfiniteMatrixStarter/Saved/Config/Windows/PIEGameUserSettings0.ini" -MultiprocessSaveConfig -forcepassthrough -messaging -SessionName="Play in Standalone Game" -windowed -WinX=469 -WinY=43 SAVEWINPOS=1 -ResX=999 -ResY=996
LogInit: Base Directory: C:/Program Files/Epic Games/UE_4.27/Engine/Binaries/Win64/
LogInit: Allocator: TBB
LogInit: Installed Engine Build: 1
LogDevObjectVersion: Number of dev versions registered: 29
LogDevObjectVersion:   Dev-Blueprints (B0D832E4-1F89-4F0D-ACCF-7EB736FD4AA2): 10
LogDevObjectVersion:   Dev-Build (E1C64328-A22C-4D53-A36C-8E866417BD8C): 0
LogDevObjectVersion:   Dev-Core (375EC13C-06E4-48FB-B500-84F0262A717E): 4
LogDevObjectVersion:   Dev-Editor (E4B068ED-F494-42E9-A231-DA0B2E46BB41): 40
LogDevObjectVersion:   Dev-Framework (CFFC743F-43B0-4480-9391-14DF171D2073): 37
LogDevObjectVersion:   Dev-Mobile (B02B49B5-BB20-44E9-A304-32B752E40360): 3
LogDevObjectVersion:   Dev-Networking (A4E4105C-59A1-49B5-A7C5-40C4547EDFEE): 0
LogDevObjectVersion:   Dev-Online (39C831C9-5AE6-47DC-9A44-9C173E1C8E7C): 0
LogDevObjectVersion:   Dev-Physics (78F01B33-EBEA-4F98-B9B4-84EACCB95AA2): 14
LogDevObjectVersion:   Dev-Platform (6631380F-2D4D-43E0-8009-CF276956A95A): 0
LogDevObjectVersion:   Dev-Rendering (12F88B9F-8875-4AFC-A67C-D90C383ABD29): 45
LogDevObjectVersion:   Dev-Sequencer (7B5AE74C-D270-4C10-A958-57980B212A5A): 13
LogDevObjectVersion:   Dev-VR (D7296918-1DD6-4BDD-9DE2-64A83CC13884): 3
LogDevObjectVersion:   Dev-LoadTimes (C2A15278-BFE7-4AFE-6C17-90FF531DF755): 1
LogDevObjectVersion:   Private-Geometry (6EACA3D4-40EC-4CC1-B786-8BED09428FC5): 3
LogDevObjectVersion:   Dev-AnimPhys (29E575DD-E0A3-4627-9D10-D276232CDCEA): 17
LogDevObjectVersion:   Dev-Anim (AF43A65D-7FD3-4947-9873-3E8ED9C1BB05): 15
LogDevObjectVersion:   Dev-ReflectionCapture (6B266CEC-1EC7-4B8F-A30B-E4D90942FC07): 1
LogDevObjectVersion:   Dev-Automation (0DF73D61-A23F-47EA-B727-89E90C41499A): 1
LogDevObjectVersion:   FortniteMain (601D1886-AC64-4F84-AA16-D3DE0DEAC7D6): 47
LogDevObjectVersion:   FortniteRelease (E7086368-6B23-4C58-8439-1B7016265E91): 1
LogDevObjectVersion:   Dev-Enterprise (9DFFBCD6-494F-0158-E221-12823C92A888): 10
LogDevObjectVersion:   Dev-Niagara (F2AED0AC-9AFE-416F-8664-AA7FFA26D6FC): 1
LogDevObjectVersion:   Dev-Destruction (174F1F0B-B4C6-45A5-B13F-2EE8D0FB917D): 10
LogDevObjectVersion:   Dev-Physics-Ext (35F94A83-E258-406C-A318-09F59610247C): 41
LogDevObjectVersion:   Dev-PhysicsMaterial-Chaos (B68FC16E-8B1B-42E2-B453-215C058844FE): 1
LogDevObjectVersion:   Dev-CineCamera (B2E18506-4273-CFC2-A54E-F4BB758BBA07): 1
LogDevObjectVersion:   Dev-VirtualProduction (64F58936-FD1B-42BA-BA96-7289D5D0FA4E): 1
LogDevObjectVersion:   Dev-MediaFramework (6F0ED827-A609-4895-9C91-998D90180EA4): 2
LogInit: Presizing for max 25165824 objects, including 0 objects not considered by GC, pre-allocating 0 bytes for permanent pool.
LogConfig: Applying CVar settings from Section [/Script/Engine.StreamingSettings] File [C:/Users/chira/OneDrive - University of Illinois - Urbana/UIUC/semester 8/CS 498 GD/InfiniteMatrixStarter/Saved/Config/Windows/Engine.ini]
LogConfig: Setting CVar [[s.MinBulkDataSizeForAsyncLoading:131072]]
LogConfig: Setting CVar [[s.AsyncLoadingThreadEnabled:0]]
LogConfig: Setting CVar [[s.EventDrivenLoaderEnabled:1]]
LogConfig: Setting CVar [[s.WarnIfTimeLimitExceeded:0]]
LogConfig: Setting CVar [[s.TimeLimitExceededMultiplier:1.5]]
LogConfig: Setting CVar [[s.TimeLimitExceededMinTime:0.005]]
LogConfig: Setting CVar [[s.UseBackgroundLevelStreaming:1]]
LogConfig: Setting CVar [[s.PriorityAsyncLoadingExtraTime:15.0]]
LogConfig: Setting CVar [[s.LevelStreamingActorsUpdateTimeLimit:5.0]]
LogConfig: Setting CVar [[s.PriorityLevelStreamingActorsUpdateExtraTime:5.0]]
LogConfig: Setting CVar [[s.LevelStreamingComponentsRegistrationGranularity:10]]
LogConfig: Setting CVar [[s.UnregisterComponentsTimeLimit:1.0]]
LogConfig: Setting CVar [[s.LevelStreamingComponentsUnregistrationGranularity:5]]
LogConfig: Setting CVar [[s.FlushStreamingOnExit:1]]
LogInit: Object subsystem initialized
LogConfig: Setting CVar [[con.DebugEarlyDefault:1]]
LogConfig: Setting CVar [[r.setres:1280x720]]
[2022.02.13-07.21.39:101][  0]LogConfig: Setting CVar [[con.DebugEarlyDefault:1]]
[2022.02.13-07.21.39:101][  0]LogConfig: Setting CVar [[r.setres:1280x720]]
[2022.02.13-07.21.39:101][  0]LogConfig: Applying CVar settings from Section [/Script/Engine.RendererSettings] File [C:/Users/chira/OneDrive - University of Illinois - Urbana/UIUC/semester 8/CS 498 GD/InfiniteMatrixStarter/Saved/Config/Windows/Engine.ini]
[2022.02.13-07.21.39:101][  0]LogConfig: Setting CVar [[r.GPUCrashDebugging:0]]
[2022.02.13-07.21.39:101][  0]LogConfig: Applying CVar settings from Section [/Script/Engine.RendererOverrideSettings] File [C:/Users/chira/OneDrive - University of Illinois - Urbana/UIUC/semester 8/CS 498 GD/InfiniteMatrixStarter/Saved/Config/Windows/Engine.ini]
[2022.02.13-07.21.39:101][  0]LogConfig: Applying CVar settings from Section [/Script/Engine.StreamingSettings] File [C:/Users/chira/OneDrive - University of Illinois - Urbana/UIUC/semester 8/CS 498 GD/InfiniteMatrixStarter/Saved/Config/Windows/Engine.ini]
[2022.02.13-07.21.39:101][  0]LogConfig: Setting CVar [[s.MinBulkDataSizeForAsyncLoading:131072]]
[2022.02.13-07.21.39:101][  0]LogConfig: Setting CVar [[s.AsyncLoadingThreadEnabled:0]]
[2022.02.13-07.21.39:101][  0]LogConfig: Setting CVar [[s.EventDrivenLoaderEnabled:1]]
[2022.02.13-07.21.39:101][  0]LogConfig: Setting CVar [[s.WarnIfTimeLimitExceeded:0]]
[2022.02.13-07.21.39:101][  0]LogConfig: Setting CVar [[s.TimeLimitExceededMultiplier:1.5]]
[2022.02.13-07.21.39:101][  0]LogConfig: Setting CVar [[s.TimeLimitExceededMinTime:0.005]]
[2022.02.13-07.21.39:101][  0]LogConfig: Setting CVar [[s.UseBackgroundLevelStreaming:1]]
[2022.02.13-07.21.39:101][  0]LogConfig: Setting CVar [[s.PriorityAsyncLoadingExtraTime:15.0]]
[2022.02.13-07.21.39:101][  0]LogConfig: Setting CVar [[s.LevelStreamingActorsUpdateTimeLimit:5.0]]
[2022.02.13-07.21.39:101][  0]LogConfig: Setting CVar [[s.PriorityLevelStreamingActorsUpdateExtraTime:5.0]]
[2022.02.13-07.21.39:101][  0]LogConfig: Setting CVar [[s.LevelStreamingComponentsRegistrationGranularity:10]]
[2022.02.13-07.21.39:101][  0]LogConfig: Setting CVar [[s.UnregisterComponentsTimeLimit:1.0]]
[2022.02.13-07.21.39:101][  0]LogConfig: Setting CVar [[s.LevelStreamingComponentsUnregistrationGranularity:5]]
[2022.02.13-07.21.39:101][  0]LogConfig: Setting CVar [[s.FlushStreamingOnExit:1]]
[2022.02.13-07.21.39:101][  0]LogConfig: Applying CVar settings from Section [/Script/Engine.GarbageCollectionSettings] File [C:/Users/chira/OneDrive - University of Illinois - Urbana/UIUC/semester 8/CS 498 GD/InfiniteMatrixStarter/Saved/Config/Windows/Engine.ini]
[2022.02.13-07.21.39:101][  0]LogConfig: Setting CVar [[gc.MaxObjectsNotConsideredByGC:1]]
[2022.02.13-07.21.39:101][  0]LogConfig: Setting CVar [[gc.SizeOfPermanentObjectPool:0]]
[2022.02.13-07.21.39:101][  0]LogConfig: Setting CVar [[gc.FlushStreamingOnGC:0]]
[2022.02.13-07.21.39:101][  0]LogConfig: Setting CVar [[gc.NumRetriesBeforeForcingGC:10]]
[2022.02.13-07.21.39:101][  0]LogConfig: Setting CVar [[gc.AllowParallelGC:1]]
[2022.02.13-07.21.39:101][  0]LogConfig: Setting CVar [[gc.TimeBetweenPurgingPendingKillObjects:61.1]]
[2022.02.13-07.21.39:101][  0]LogConfig: Setting CVar [[gc.MaxObjectsInEditor:25165824]]
[2022.02.13-07.21.39:101][  0]LogConfig: Setting CVar [[gc.IncrementalBeginDestroyEnabled:1]]
[2022.02.13-07.21.39:101][  0]LogConfig: Setting CVar [[gc.CreateGCClusters:1]]
[2022.02.13-07.21.39:101][  0]LogConfig: Setting CVar [[gc.MinGCClusterSize:5]]
[2022.02.13-07.21.39:101][  0]LogConfig: Setting CVar [[gc.ActorClusteringEnabled:0]]
[2022.02.13-07.21.39:101][  0]LogConfig: Setting CVar [[gc.BlueprintClusteringEnabled:0]]
[2022.02.13-07.21.39:101][  0]LogConfig: Setting CVar [[gc.UseDisregardForGCOnDedicatedServers:0]]
[2022.02.13-07.21.39:101][  0]LogConfig: Setting CVar [[gc.MultithreadedDestructionEnabled:1]]
[2022.02.13-07.21.39:101][  0]LogConfig: Applying CVar settings from Section [/Script/Engine.NetworkSettings] File [C:/Users/chira/OneDrive - University of Illinois - Urbana/UIUC/semester 8/CS 498 GD/InfiniteMatrixStarter/Saved/Config/Windows/Engine.ini]
[2022.02.13-07.21.39:101][  0]LogConfig: Applying CVar settings from Section [/Script/UnrealEd.CookerSettings] File [C:/Users/chira/OneDrive - University of Illinois - Urbana/UIUC/semester 8/CS 498 GD/InfiniteMatrixStarter/Saved/Config/Windows/Engine.ini]
[2022.02.13-07.21.39:108][  0]LogConfig: Applying CVar settings from Section [ViewDistanceQuality@3] File [C:/Users/chira/OneDrive - University of Illinois - Urbana/UIUC/semester 8/CS 498 GD/InfiniteMatrixStarter/Saved/Config/Windows/Scalability.ini]
[2022.02.13-07.21.39:108][  0]LogConfig: Setting CVar [[r.SkeletalMeshLODBias:0]]
[2022.02.13-07.21.39:108][  0]LogConfig: Setting CVar [[r.ViewDistanceScale:1.0]]
[2022.02.13-07.21.39:108][  0]LogConfig: Applying CVar settings from Section [AntiAliasingQuality@3] File [C:/Users/chira/OneDrive - University of Illinois - Urbana/UIUC/semester 8/CS 498 GD/InfiniteMatrixStarter/Saved/Config/Windows/Scalability.ini]
[2022.02.13-07.21.39:108][  0]LogConfig: Setting CVar [[r.PostProcessAAQuality:4]]
[2022.02.13-07.21.39:108][  0]LogConfig: Applying CVar settings from Section [ShadowQuality@3] File [C:/Users/chira/OneDrive - University of Illinois - Urbana/UIUC/semester 8/CS 498 GD/InfiniteMatrixStarter/Saved/Config/Windows/Scalability.ini]
[2022.02.13-07.21.39:108][  0]LogConfig: Setting CVar [[r.LightFunctionQuality:1]]
[2022.02.13-07.21.39:108][  0]LogConfig: Setting CVar [[r.ShadowQuality:5]]
[2022.02.13-07.21.39:108][  0]LogConfig: Setting CVar [[r.Shadow.CSM.MaxCascades:10]]
[2022.02.13-07.21.39:108][  0]LogConfig: Setting CVar [[r.Shadow.MaxResolution:2048]]
[2022.02.13-07.21.39:108][  0]LogConfig: Setting CVar [[r.Shadow.MaxCSMResolution:2048]]
[2022.02.13-07.21.39:108][  0]LogConfig: Setting CVar [[r.Shadow.RadiusThreshold:0.01]]
[2022.02.13-07.21.39:108][  0]LogConfig: Setting CVar [[r.Shadow.DistanceScale:1.0]]
[2022.02.13-07.21.39:108][  0]LogConfig: Setting CVar [[r.Shadow.CSM.TransitionScale:1.0]]
[2022.02.13-07.21.39:108][  0]LogConfig: Setting CVar [[r.Shadow.PreShadowResolutionFactor:1.0]]
[2022.02.13-07.21.39:108][  0]LogConfig: Setting CVar [[r.DistanceFieldShadowing:1]]
[2022.02.13-07.21.39:108][  0]LogConfig: Setting CVar [[r.DistanceFieldAO:1]]
[2022.02.13-07.21.39:108][  0]LogConfig: Setting CVar [[r.AOQuality:2]]
[2022.02.13-07.21.39:108][  0]LogConfig: Setting CVar [[r.VolumetricFog:1]]
[2022.02.13-07.21.39:108][  0]LogConfig: Setting CVar [[r.VolumetricFog.GridPixelSize:8]]
[2022.02.13-07.21.39:108][  0]LogConfig: Setting CVar [[r.VolumetricFog.GridSizeZ:128]]
[2022.02.13-07.21.39:108][  0]LogConfig: Setting CVar [[r.VolumetricFog.HistoryMissSupersampleCount:4]]
[2022.02.13-07.21.39:108][  0]LogConfig: Setting CVar [[r.LightMaxDrawDistanceScale:1]]
[2022.02.13-07.21.39:108][  0]LogConfig: Setting CVar [[r.CapsuleShadows:1]]
[2022.02.13-07.21.39:108][  0]LogConfig: Applying CVar settings from Section [PostProcessQuality@3] File [C:/Users/chira/OneDrive - University of Illinois - Urbana/UIUC/semester 8/CS 498 GD/InfiniteMatrixStarter/Saved/Config/Windows/Scalability.ini]
[2022.02.13-07.21.39:108][  0]LogConfig: Setting CVar [[r.MotionBlurQuality:4]]
[2022.02.13-07.21.39:108][  0]LogConfig: Setting CVar [[r.AmbientOcclusionMipLevelFactor:0.4]]
[2022.02.13-07.21.39:108][  0]LogConfig: Setting CVar [[r.AmbientOcclusionMaxQuality:100]]
[2022.02.13-07.21.39:108][  0]LogConfig: Setting CVar [[r.AmbientOcclusionLevels:-1]]
[2022.02.13-07.21.39:108][  0]LogConfig: Setting CVar [[r.AmbientOcclusionRadiusScale:1.0]]
[2022.02.13-07.21.39:108][  0]LogConfig: Setting CVar [[r.DepthOfFieldQuality:2]]
[2022.02.13-07.21.39:108][  0]LogConfig: Setting CVar [[r.RenderTargetPoolMin:400]]
[2022.02.13-07.21.39:108][  0]LogConfig: Setting CVar [[r.LensFlareQuality:2]]
[2022.02.13-07.21.39:108][  0]LogConfig: Setting CVar [[r.SceneColorFringeQuality:1]]
[2022.02.13-07.21.39:108][  0]LogConfig: Setting CVar [[r.EyeAdaptationQuality:2]]
[2022.02.13-07.21.39:108][  0]LogConfig: Setting CVar [[r.BloomQuality:5]]
[2022.02.13-07.21.39:108][  0]LogConfig: Setting CVar [[r.FastBlurThreshold:100]]
[2022.02.13-07.21.39:108][  0]LogConfig: Setting CVar [[r.Upscale.Quality:3]]
[2022.02.13-07.21.39:108][  0]LogConfig: Setting CVar [[r.Tonemapper.GrainQuantization:1]]
[2022.02.13-07.21.39:108][  0]LogConfig: Setting CVar [[r.LightShaftQuality:1]]
[2022.02.13-07.21.39:108][  0]LogConfig: Setting CVar [[r.Filter.SizeScale:1]]
[2022.02.13-07.21.39:108][  0]LogConfig: Setting CVar [[r.Tonemapper.Quality:5]]
[2022.02.13-07.21.39:108][  0]LogConfig: Setting CVar [[r.DOF.Gather.AccumulatorQuality:1        ; higher gathering accumulator quality]]
[2022.02.13-07.21.39:108][  0]LogConfig: Setting CVar [[r.DOF.Gather.PostfilterMethod:1          ; Median3x3 postfilering method]]
[2022.02.13-07.21.39:108][  0]LogConfig: Setting CVar [[r.DOF.Gather.EnableBokehSettings:0       ; no bokeh simulation when gathering]]
[2022.02.13-07.21.39:108][  0]LogConfig: Setting CVar [[r.DOF.Gather.RingCount:4                 ; medium number of samples when gathering]]
[2022.02.13-07.21.39:108][  0]LogConfig: Setting CVar [[r.DOF.Scatter.ForegroundCompositing:1    ; additive foreground scattering]]
[2022.02.13-07.21.39:108][  0]LogConfig: Setting CVar [[r.DOF.Scatter.BackgroundCompositing:2    ; additive background scattering]]
[2022.02.13-07.21.39:108][  0]LogConfig: Setting CVar [[r.DOF.Scatter.EnableBokehSettings:1      ; bokeh simulation when scattering]]
[2022.02.13-07.21.39:108][  0]LogConfig: Setting CVar [[r.DOF.Scatter.MaxSpriteRatio:0.1         ; only a maximum of 10% of scattered bokeh]]
[2022.02.13-07.21.39:108][  0]LogConfig: Setting CVar [[r.DOF.Recombine.Quality:1                ; cheap slight out of focus]]
[2022.02.13-07.21.39:108][  0]LogConfig: Setting CVar [[r.DOF.Recombine.EnableBokehSettings:0    ; no bokeh simulation on slight out of focus]]
[2022.02.13-07.21.39:108][  0]LogConfig: Setting CVar [[r.DOF.TemporalAAQuality:1                ; more stable temporal accumulation]]
[2022.02.13-07.21.39:108][  0]LogConfig: Setting CVar [[r.DOF.Kernel.MaxForegroundRadius:0.025]]
[2022.02.13-07.21.39:108][  0]LogConfig: Setting CVar [[r.DOF.Kernel.MaxBackgroundRadius:0.025]]
[2022.02.13-07.21.39:108][  0]LogConfig: Applying CVar settings from Section [TextureQuality@3] File [C:/Users/chira/OneDrive - University of Illinois - Urbana/UIUC/semester 8/CS 498 GD/InfiniteMatrixStarter/Saved/Config/Windows/Scalability.ini]
[2022.02.13-07.21.39:108][  0]LogConfig: Setting CVar [[r.Streaming.MipBias:0]]
[2022.02.13-07.21.39:108][  0]LogConfig: Setting CVar [[r.Streaming.AmortizeCPUToGPUCopy:0]]
[2022.02.13-07.21.39:108][  0]LogConfig: Setting CVar [[r.Streaming.MaxNumTexturesToStreamPerFrame:0]]
[2022.02.13-07.21.39:108][  0]LogConfig: Setting CVar [[r.Streaming.Boost:1]]
[2022.02.13-07.21.39:108][  0]LogConfig: Setting CVar [[r.MaxAnisotropy:8]]
[2022.02.13-07.21.39:108][  0]LogConfig: Setting CVar [[r.VT.MaxAnisotropy:8]]
[2022.02.13-07.21.39:108][  0]LogConfig: Setting CVar [[r.Streaming.LimitPoolSizeToVRAM:0]]
[2022.02.13-07.21.39:108][  0]LogConfig: Setting CVar [[r.Streaming.PoolSize:1000]]
[2022.02.13-07.21.39:108][  0]LogConfig: Setting CVar [[r.Streaming.MaxEffectiveScreenSize:0]]
[2022.02.13-07.21.39:108][  0]LogConfig: Applying CVar settings from Section [EffectsQuality@3] File [C:/Users/chira/OneDrive - University of Illinois - Urbana/UIUC/semester 8/CS 498 GD/InfiniteMatrixStarter/Saved/Config/Windows/Scalability.ini]
[2022.02.13-07.21.39:108][  0]LogConfig: Setting CVar [[r.TranslucencyLightingVolumeDim:64]]
[2022.02.13-07.21.39:108][  0]LogConfig: Setting CVar [[r.RefractionQuality:2]]
[2022.02.13-07.21.39:108][  0]LogConfig: Setting CVar [[r.SSR.Quality:3]]
[2022.02.13-07.21.39:108][  0]LogConfig: Setting CVar [[r.SSR.HalfResSceneColor:0]]
[2022.02.13-07.21.39:108][  0]LogConfig: Setting CVar [[r.SceneColorFormat:4]]
[2022.02.13-07.21.39:108][  0]LogConfig: Setting CVar [[r.DetailMode:2]]
[2022.02.13-07.21.39:108][  0]LogConfig: Setting CVar [[r.TranslucencyVolumeBlur:1]]
[2022.02.13-07.21.39:108][  0]LogConfig: Setting CVar [[r.MaterialQualityLevel:1 ; High quality]]
[2022.02.13-07.21.39:108][  0]LogConfig: Setting CVar [[r.AnisotropicMaterials:1]]
[2022.02.13-07.21.39:108][  0]LogConfig: Setting CVar [[r.SSS.Scale:1]]
[2022.02.13-07.21.39:108][  0]LogConfig: Setting CVar [[r.SSS.SampleSet:2]]
[2022.02.13-07.21.39:108][  0]LogConfig: Setting CVar [[r.SSS.Quality:1]]
[2022.02.13-07.21.39:108][  0]LogConfig: Setting CVar [[r.SSS.HalfRes:0]]
[2022.02.13-07.21.39:108][  0]LogConfig: Setting CVar [[r.SSGI.Quality:3]]
[2022.02.13-07.21.39:108][  0]LogConfig: Setting CVar [[r.EmitterSpawnRateScale:1.0]]
[2022.02.13-07.21.39:108][  0]LogConfig: Setting CVar [[r.ParticleLightQuality:2]]
[2022.02.13-07.21.39:108][  0]LogConfig: Setting CVar [[r.SkyAtmosphere.AerialPerspectiveLUT.FastApplyOnOpaque:1 ; Always have FastSkyLUT 1 in this case to avoid wrong sky]]
[2022.02.13-07.21.39:108][  0]LogConfig: Setting CVar [[r.SkyAtmosphere.AerialPerspectiveLUT.SampleCountMaxPerSlice:4]]
[2022.02.13-07.21.39:108][  0]LogConfig: Setting CVar [[r.SkyAtmosphere.AerialPerspectiveLUT.DepthResolution:16.0]]
[2022.02.13-07.21.39:108][  0]LogConfig: Setting CVar [[r.SkyAtmosphere.FastSkyLUT:1]]
[2022.02.13-07.21.39:109][  0]LogConfig: Setting CVar [[r.SkyAtmosphere.FastSkyLUT.SampleCountMin:4.0]]
[2022.02.13-07.21.39:109][  0]LogConfig: Setting CVar [[r.SkyAtmosphere.FastSkyLUT.SampleCountMax:128.0]]
[2022.02.13-07.21.39:109][  0]LogConfig: Setting CVar [[r.SkyAtmosphere.SampleCountMin:4.0]]
[2022.02.13-07.21.39:109][  0]LogConfig: Setting CVar [[r.SkyAtmosphere.SampleCountMax:128.0]]
[2022.02.13-07.21.39:109][  0]LogConfig: Setting CVar [[r.SkyAtmosphere.TransmittanceLUT.UseSmallFormat:0]]
[2022.02.13-07.21.39:109][  0]LogConfig: Setting CVar [[r.SkyAtmosphere.TransmittanceLUT.SampleCount:10.0]]
[2022.02.13-07.21.39:109][  0]LogConfig: Setting CVar [[r.SkyAtmosphere.MultiScatteringLUT.SampleCount:15.0]]
[2022.02.13-07.21.39:109][  0]LogConfig: Setting CVar [[r.SkyLight.RealTimeReflectionCapture:1]]
[2022.02.13-07.21.39:109][  0]LogConfig: Applying CVar settings from Section [FoliageQuality@3] File [C:/Users/chira/OneDrive - University of Illinois - Urbana/UIUC/semester 8/CS 498 GD/InfiniteMatrixStarter/Saved/Config/Windows/Scalability.ini]
[2022.02.13-07.21.39:109][  0]LogConfig: Setting CVar [[foliage.DensityScale:1.0]]
[2022.02.13-07.21.39:109][  0]LogConfig: Setting CVar [[grass.DensityScale:1.0]]
[2022.02.13-07.21.39:109][  0]LogConfig: Applying CVar settings from Section [ShadingQuality@3] File [C:/Users/chira/OneDrive - University of Illinois - Urbana/UIUC/semester 8/CS 498 GD/InfiniteMatrixStarter/Saved/Config/Windows/Scalability.ini]
[2022.02.13-07.21.39:109][  0]LogConfig: Setting CVar [[r.HairStrands.SkyLighting.IntegrationType:2]]
[2022.02.13-07.21.39:109][  0]LogConfig: Setting CVar [[r.HairStrands.SkyAO.SampleCount:4]]
[2022.02.13-07.21.39:109][  0]LogConfig: Setting CVar [[r.HairStrands.Visibility.MSAA.SamplePerPixel:4]]
[2022.02.13-07.21.39:109][  0]LogInit: Selected Device Profile: [Windows]
[2022.02.13-07.21.39:109][  0]LogInit: Applying CVar settings loaded from the selected device profile: [Windows]
[2022.02.13-07.21.39:109][  0]LogHAL: Display: Platform has ~ 16 GB [16505954304 / 17179869184 / 16], which maps to Larger [LargestMinGB=32, LargerMinGB=12, DefaultMinGB=8, SmallerMinGB=6, SmallestMinGB=0)
[2022.02.13-07.21.39:109][  0]LogInit: Going up to parent DeviceProfile []
[2022.02.13-07.21.39:109][  0]LogConfig: Applying CVar settings from Section [ViewDistanceQuality@3] File [C:/Users/chira/OneDrive - University of Illinois - Urbana/UIUC/semester 8/CS 498 GD/InfiniteMatrixStarter/Saved/Config/Windows/Scalability.ini]
[2022.02.13-07.21.39:109][  0]LogConfig: Setting CVar [[r.SkeletalMeshLODBias:0]]
[2022.02.13-07.21.39:109][  0]LogConfig: Setting CVar [[r.ViewDistanceScale:1.0]]
[2022.02.13-07.21.39:109][  0]LogConfig: Applying CVar settings from Section [AntiAliasingQuality@3] File [C:/Users/chira/OneDrive - University of Illinois - Urbana/UIUC/semester 8/CS 498 GD/InfiniteMatrixStarter/Saved/Config/Windows/Scalability.ini]
[2022.02.13-07.21.39:109][  0]LogConfig: Setting CVar [[r.PostProcessAAQuality:4]]
[2022.02.13-07.21.39:109][  0]LogConfig: Applying CVar settings from Section [ShadowQuality@3] File [C:/Users/chira/OneDrive - University of Illinois - Urbana/UIUC/semester 8/CS 498 GD/InfiniteMatrixStarter/Saved/Config/Windows/Scalability.ini]
[2022.02.13-07.21.39:109][  0]LogConfig: Setting CVar [[r.LightFunctionQuality:1]]
[2022.02.13-07.21.39:109][  0]LogConfig: Setting CVar [[r.ShadowQuality:5]]
[2022.02.13-07.21.39:109][  0]LogConfig: Setting CVar [[r.Shadow.CSM.MaxCascades:10]]
[2022.02.13-07.21.39:109][  0]LogConfig: Setting CVar [[r.Shadow.MaxResolution:2048]]
[2022.02.13-07.21.39:109][  0]LogConfig: Setting CVar [[r.Shadow.MaxCSMResolution:2048]]
[2022.02.13-07.21.39:109][  0]LogConfig: Setting CVar [[r.Shadow.RadiusThreshold:0.01]]
[2022.02.13-07.21.39:109][  0]LogConfig: Setting CVar [[r.Shadow.DistanceScale:1.0]]
[2022.02.13-07.21.39:109][  0]LogConfig: Setting CVar [[r.Shadow.CSM.TransitionScale:1.0]]
[2022.02.13-07.21.39:109][  0]LogConfig: Setting CVar [[r.Shadow.PreShadowResolutionFactor:1.0]]
[2022.02.13-07.21.39:109][  0]LogConfig: Setting CVar [[r.DistanceFieldShadowing:1]]
[2022.02.13-07.21.39:109][  0]LogConfig: Setting CVar [[r.DistanceFieldAO:1]]
[2022.02.13-07.21.39:109][  0]LogConfig: Setting CVar [[r.AOQuality:2]]
[2022.02.13-07.21.39:109][  0]LogConfig: Setting CVar [[r.VolumetricFog:1]]
[2022.02.13-07.21.39:109][  0]LogConfig: Setting CVar [[r.VolumetricFog.GridPixelSize:8]]
[2022.02.13-07.21.39:109][  0]LogConfig: Setting CVar [[r.VolumetricFog.GridSizeZ:128]]
[2022.02.13-07.21.39:109][  0]LogConfig: Setting CVar [[r.VolumetricFog.HistoryMissSupersampleCount:4]]
[2022.02.13-07.21.39:109][  0]LogConfig: Setting CVar [[r.LightMaxDrawDistanceScale:1]]
[2022.02.13-07.21.39:109][  0]LogConfig: Setting CVar [[r.CapsuleShadows:1]]
[2022.02.13-07.21.39:109][  0]LogConfig: Applying CVar settings from Section [PostProcessQuality@3] File [C:/Users/chira/OneDrive - University of Illinois - Urbana/UIUC/semester 8/CS 498 GD/InfiniteMatrixStarter/Saved/Config/Windows/Scalability.ini]
[2022.02.13-07.21.39:109][  0]LogConfig: Setting CVar [[r.MotionBlurQuality:4]]
[2022.02.13-07.21.39:109][  0]LogConfig: Setting CVar [[r.AmbientOcclusionMipLevelFactor:0.4]]
[2022.02.13-07.21.39:109][  0]LogConfig: Setting CVar [[r.AmbientOcclusionMaxQuality:100]]
[2022.02.13-07.21.39:109][  0]LogConfig: Setting CVar [[r.AmbientOcclusionLevels:-1]]
[2022.02.13-07.21.39:109][  0]LogConfig: Setting CVar [[r.AmbientOcclusionRadiusScale:1.0]]
[2022.02.13-07.21.39:109][  0]LogConfig: Setting CVar [[r.DepthOfFieldQuality:2]]
[2022.02.13-07.21.39:109][  0]LogConfig: Setting CVar [[r.RenderTargetPoolMin:400]]
[2022.02.13-07.21.39:109][  0]LogConfig: Setting CVar [[r.LensFlareQuality:2]]
[2022.02.13-07.21.39:109][  0]LogConfig: Setting CVar [[r.SceneColorFringeQuality:1]]
[2022.02.13-07.21.39:109][  0]LogConfig: Setting CVar [[r.EyeAdaptationQuality:2]]
[2022.02.13-07.21.39:109][  0]LogConfig: Setting CVar [[r.BloomQuality:5]]
[2022.02.13-07.21.39:109][  0]LogConfig: Setting CVar [[r.FastBlurThreshold:100]]
[2022.02.13-07.21.39:109][  0]LogConfig: Setting CVar [[r.Upscale.Quality:3]]
[2022.02.13-07.21.39:109][  0]LogConfig: Setting CVar [[r.Tonemapper.GrainQuantization:1]]
[2022.02.13-07.21.39:109][  0]LogConfig: Setting CVar [[r.LightShaftQuality:1]]
[2022.02.13-07.21.39:109][  0]LogConfig: Setting CVar [[r.Filter.SizeScale:1]]
[2022.02.13-07.21.39:109][  0]LogConfig: Setting CVar [[r.Tonemapper.Quality:5]]
[2022.02.13-07.21.39:109][  0]LogConfig: Setting CVar [[r.DOF.Gather.AccumulatorQuality:1        ; higher gathering accumulator quality]]
[2022.02.13-07.21.39:109][  0]LogConfig: Setting CVar [[r.DOF.Gather.PostfilterMethod:1          ; Median3x3 postfilering method]]
[2022.02.13-07.21.39:109][  0]LogConfig: Setting CVar [[r.DOF.Gather.EnableBokehSettings:0       ; no bokeh simulation when gathering]]
[2022.02.13-07.21.39:109][  0]LogConfig: Setting CVar [[r.DOF.Gather.RingCount:4                 ; medium number of samples when gathering]]
[2022.02.13-07.21.39:109][  0]LogConfig: Setting CVar [[r.DOF.Scatter.ForegroundCompositing:1    ; additive foreground scattering]]
[2022.02.13-07.21.39:109][  0]LogConfig: Setting CVar [[r.DOF.Scatter.BackgroundCompositing:2    ; additive background scattering]]
[2022.02.13-07.21.39:109][  0]LogConfig: Setting CVar [[r.DOF.Scatter.EnableBokehSettings:1      ; bokeh simulation when scattering]]
[2022.02.13-07.21.39:109][  0]LogConfig: Setting CVar [[r.DOF.Scatter.MaxSpriteRatio:0.1         ; only a maximum of 10% of scattered bokeh]]
[2022.02.13-07.21.39:109][  0]LogConfig: Setting CVar [[r.DOF.Recombine.Quality:1                ; cheap slight out of focus]]
[2022.02.13-07.21.39:109][  0]LogConfig: Setting CVar [[r.DOF.Recombine.EnableBokehSettings:0    ; no bokeh simulation on slight out of focus]]
[2022.02.13-07.21.39:109][  0]LogConfig: Setting CVar [[r.DOF.TemporalAAQuality:1                ; more stable temporal accumulation]]
[2022.02.13-07.21.39:109][  0]LogConfig: Setting CVar [[r.DOF.Kernel.MaxForegroundRadius:0.025]]
[2022.02.13-07.21.39:109][  0]LogConfig: Setting CVar [[r.DOF.Kernel.MaxBackgroundRadius:0.025]]
[2022.02.13-07.21.39:109][  0]LogConfig: Applying CVar settings from Section [TextureQuality@3] File [C:/Users/chira/OneDrive - University of Illinois - Urbana/UIUC/semester 8/CS 498 GD/InfiniteMatrixStarter/Saved/Config/Windows/Scalability.ini]
[2022.02.13-07.21.39:109][  0]LogConfig: Setting CVar [[r.Streaming.MipBias:0]]
[2022.02.13-07.21.39:109][  0]LogConfig: Setting CVar [[r.Streaming.AmortizeCPUToGPUCopy:0]]
[2022.02.13-07.21.39:109][  0]LogConfig: Setting CVar [[r.Streaming.MaxNumTexturesToStreamPerFrame:0]]
[2022.02.13-07.21.39:109][  0]LogConfig: Setting CVar [[r.Streaming.Boost:1]]
[2022.02.13-07.21.39:109][  0]LogConfig: Setting CVar [[r.MaxAnisotropy:8]]
[2022.02.13-07.21.39:109][  0]LogConfig: Setting CVar [[r.VT.MaxAnisotropy:8]]
[2022.02.13-07.21.39:109][  0]LogConfig: Setting CVar [[r.Streaming.LimitPoolSizeToVRAM:0]]
[2022.02.13-07.21.39:109][  0]LogConfig: Setting CVar [[r.Streaming.PoolSize:1000]]
[2022.02.13-07.21.39:109][  0]LogConfig: Setting CVar [[r.Streaming.MaxEffectiveScreenSize:0]]
[2022.02.13-07.21.39:109][  0]LogConfig: Applying CVar settings from Section [EffectsQuality@3] File [C:/Users/chira/OneDrive - University of Illinois - Urbana/UIUC/semester 8/CS 498 GD/InfiniteMatrixStarter/Saved/Config/Windows/Scalability.ini]
[2022.02.13-07.21.39:109][  0]LogConfig: Setting CVar [[r.TranslucencyLightingVolumeDim:64]]
[2022.02.13-07.21.39:109][  0]LogConfig: Setting CVar [[r.RefractionQuality:2]]
[2022.02.13-07.21.39:109][  0]LogConfig: Setting CVar [[r.SSR.Quality:3]]
[2022.02.13-07.21.39:109][  0]LogConfig: Setting CVar [[r.SSR.HalfResSceneColor:0]]
[2022.02.13-07.21.39:110][  0]LogConfig: Setting CVar [[r.SceneColorFormat:4]]
[2022.02.13-07.21.39:110][  0]LogConfig: Setting CVar [[r.DetailMode:2]]
[2022.02.13-07.21.39:110][  0]LogConfig: Setting CVar [[r.TranslucencyVolumeBlur:1]]
[2022.02.13-07.21.39:110][  0]LogConfig: Setting CVar [[r.MaterialQualityLevel:1 ; High quality]]
[2022.02.13-07.21.39:110][  0]LogConfig: Setting CVar [[r.AnisotropicMaterials:1]]
[2022.02.13-07.21.39:110][  0]LogConfig: Setting CVar [[r.SSS.Scale:1]]
[2022.02.13-07.21.39:110][  0]LogConfig: Setting CVar [[r.SSS.SampleSet:2]]
[2022.02.13-07.21.39:110][  0]LogConfig: Setting CVar [[r.SSS.Quality:1]]
[2022.02.13-07.21.39:110][  0]LogConfig: Setting CVar [[r.SSS.HalfRes:0]]
[2022.02.13-07.21.39:110][  0]LogConfig: Setting CVar [[r.SSGI.Quality:3]]
[2022.02.13-07.21.39:110][  0]LogConfig: Setting CVar [[r.EmitterSpawnRateScale:1.0]]
[2022.02.13-07.21.39:110][  0]LogConfig: Setting CVar [[r.ParticleLightQuality:2]]
[2022.02.13-07.21.39:110][  0]LogConfig: Setting CVar [[r.SkyAtmosphere.AerialPerspectiveLUT.FastApplyOnOpaque:1 ; Always have FastSkyLUT 1 in this case to avoid wrong sky]]
[2022.02.13-07.21.39:110][  0]LogConfig: Setting CVar [[r.SkyAtmosphere.AerialPerspectiveLUT.SampleCountMaxPerSlice:4]]
[2022.02.13-07.21.39:110][  0]LogConfig: Setting CVar [[r.SkyAtmosphere.AerialPerspectiveLUT.DepthResolution:16.0]]
[2022.02.13-07.21.39:110][  0]LogConfig: Setting CVar [[r.SkyAtmosphere.FastSkyLUT:1]]
[2022.02.13-07.21.39:110][  0]LogConfig: Setting CVar [[r.SkyAtmosphere.FastSkyLUT.SampleCountMin:4.0]]
[2022.02.13-07.21.39:110][  0]LogConfig: Setting CVar [[r.SkyAtmosphere.FastSkyLUT.SampleCountMax:128.0]]
[2022.02.13-07.21.39:110][  0]LogConfig: Setting CVar [[r.SkyAtmosphere.SampleCountMin:4.0]]
[2022.02.13-07.21.39:110][  0]LogConfig: Setting CVar [[r.SkyAtmosphere.SampleCountMax:128.0]]
[2022.02.13-07.21.39:110][  0]LogConfig: Setting CVar [[r.SkyAtmosphere.TransmittanceLUT.UseSmallFormat:0]]
[2022.02.13-07.21.39:110][  0]LogConfig: Setting CVar [[r.SkyAtmosphere.TransmittanceLUT.SampleCount:10.0]]
[2022.02.13-07.21.39:110][  0]LogConfig: Setting CVar [[r.SkyAtmosphere.MultiScatteringLUT.SampleCount:15.0]]
[2022.02.13-07.21.39:110][  0]LogConfig: Setting CVar [[r.SkyLight.RealTimeReflectionCapture:1]]
[2022.02.13-07.21.39:110][  0]LogConfig: Applying CVar settings from Section [FoliageQuality@3] File [C:/Users/chira/OneDrive - University of Illinois - Urbana/UIUC/semester 8/CS 498 GD/InfiniteMatrixStarter/Saved/Config/Windows/Scalability.ini]
[2022.02.13-07.21.39:110][  0]LogConfig: Setting CVar [[foliage.DensityScale:1.0]]
[2022.02.13-07.21.39:110][  0]LogConfig: Setting CVar [[grass.DensityScale:1.0]]
[2022.02.13-07.21.39:110][  0]LogConfig: Applying CVar settings from Section [ShadingQuality@3] File [C:/Users/chira/OneDrive - University of Illinois - Urbana/UIUC/semester 8/CS 498 GD/InfiniteMatrixStarter/Saved/Config/Windows/Scalability.ini]
[2022.02.13-07.21.39:110][  0]LogConfig: Setting CVar [[r.HairStrands.SkyLighting.IntegrationType:2]]
[2022.02.13-07.21.39:110][  0]LogConfig: Setting CVar [[r.HairStrands.SkyAO.SampleCount:4]]
[2022.02.13-07.21.39:110][  0]LogConfig: Setting CVar [[r.HairStrands.Visibility.MSAA.SamplePerPixel:4]]
[2022.02.13-07.21.39:110][  0]LogConfig: Applying CVar settings from Section [Startup] File [../../../Engine/Config/ConsoleVariables.ini]
[2022.02.13-07.21.39:110][  0]LogConfig: Setting CVar [[net.UseAdaptiveNetUpdateFrequency:0]]
[2022.02.13-07.21.39:110][  0]LogConfig: Setting CVar [[p.chaos.AllowCreatePhysxBodies:1]]
[2022.02.13-07.21.39:110][  0]LogConfig: Setting CVar [[fx.SkipVectorVMBackendOptimizations:1]]
[2022.02.13-07.21.39:110][  0]LogConfig: Applying CVar settings from Section [ConsoleVariables] File [C:/Users/chira/OneDrive - University of Illinois - Urbana/UIUC/semester 8/CS 498 GD/InfiniteMatrixStarter/Saved/Config/Windows/Engine.ini]
[2022.02.13-07.21.39:110][  0]LogConfig: Applying CVar settings from Section [ConsoleVariables] File [C:/Users/chira/OneDrive - University of Illinois - Urbana/UIUC/semester 8/CS 498 GD/InfiniteMatrixStarter/Saved/Config/Windows/Editor.ini]
[2022.02.13-07.21.39:110][  0]LogInit: Computer: LAPTOP-719NOJ1R
[2022.02.13-07.21.39:110][  0]LogInit: User: chirag
[2022.02.13-07.21.39:110][  0]LogInit: CPU Page size=4096, Cores=8
[2022.02.13-07.21.39:110][  0]LogInit: High frequency timer resolution =10.000000 MHz
[2022.02.13-07.21.39:110][  0]LogMemory: Memory total: Physical=15.4GB (16GB approx)
[2022.02.13-07.21.39:110][  0]LogMemory: Platform Memory Stats for Windows
[2022.02.13-07.21.39:110][  0]LogMemory: Process Physical Memory: 141.26 MB used, 141.27 MB peak
[2022.02.13-07.21.39:110][  0]LogMemory: Process Virtual Memory: 112.69 MB used, 112.69 MB peak
[2022.02.13-07.21.39:110][  0]LogMemory: Physical Memory: 12407.99 MB used,  3333.32 MB free, 15741.30 MB total
[2022.02.13-07.21.39:110][  0]LogMemory: Virtual Memory: 134214136.00 MB used,  3594.15 MB free, 134217728.00 MB total
[2022.02.13-07.21.39:119][  0]LogWindows: WindowsPlatformFeatures enabled
[2022.02.13-07.21.39:225][  0]LogInit: Physics initialised using underlying interface: PhysX
[2022.02.13-07.21.39:225][  0]LogInit: Using OS detected language (en-US).
[2022.02.13-07.21.39:225][  0]LogInit: Using OS detected locale (en-US).
[2022.02.13-07.21.39:232][  0]LogTextLocalizationManager: No specific localization for 'en-US' exists, so the 'en' localization will be used.
[2022.02.13-07.21.39:560][  0]LogWindowsTextInputMethodSystem: Display: IME system deactivated.
[2022.02.13-07.21.39:616][  0]LogSlate: New Slate User Created.  User Index 0, Is Virtual User: 0
[2022.02.13-07.21.39:616][  0]LogSlate: Slate User Registered.  User Index 0, Is Virtual User: 0
[2022.02.13-07.21.39:633][  0]LogD3D11RHI: Loaded GFSDK_Aftermath_Lib.x64.dll
[2022.02.13-07.21.39:640][  0]LogHMD: Failed to initialize OpenVR with code 110
[2022.02.13-07.21.39:640][  0]LogD3D11RHI: D3D11 min allowed feature level: 11_0
[2022.02.13-07.21.39:640][  0]LogD3D11RHI: D3D11 max allowed feature level: 11_0
[2022.02.13-07.21.39:640][  0]LogD3D11RHI: D3D11 adapters:
[2022.02.13-07.21.39:707][  0]LogD3D11RHI:    0. 'AMD Radeon(TM) Graphics' (Feature Level 11_0)
[2022.02.13-07.21.39:707][  0]LogD3D11RHI:       495/0/7870 MB DedicatedVideo/DedicatedSystem/SharedSystem, Outputs:1, VendorId:0x1002
[2022.02.13-07.21.39:711][  0]LogD3D11RHI:    1. 'Microsoft Basic Render Driver' (Feature Level 11_0)
[2022.02.13-07.21.39:711][  0]LogD3D11RHI:       0/0/7870 MB DedicatedVideo/DedicatedSystem/SharedSystem, Outputs:0, VendorId:0x1414
[2022.02.13-07.21.39:711][  0]LogD3D11RHI: Chosen D3D11 Adapter:
[2022.02.13-07.21.39:711][  0]LogD3D11RHI:     Description : AMD Radeon(TM) Graphics
[2022.02.13-07.21.39:711][  0]LogD3D11RHI:     VendorId    : 1002
[2022.02.13-07.21.39:711][  0]LogD3D11RHI:     DeviceId    : 1636
[2022.02.13-07.21.39:711][  0]LogD3D11RHI:     SubSysId    : 380c17aa
[2022.02.13-07.21.39:711][  0]LogD3D11RHI:     Revision    : 00c2
[2022.02.13-07.21.39:711][  0]LogD3D11RHI:     DedicatedVideoMemory : 520073216 bytes
[2022.02.13-07.21.39:711][  0]LogD3D11RHI:     DedicatedSystemMemory : 0 bytes
[2022.02.13-07.21.39:711][  0]LogD3D11RHI:     SharedSystemMemory : 8252977152 bytes
[2022.02.13-07.21.39:711][  0]LogD3D11RHI:     AdapterLuid : 0 53265
[2022.02.13-07.21.39:722][  0]LogD3D11RHI: Creating new Direct3DDevice
[2022.02.13-07.21.39:722][  0]LogD3D11RHI:     GPU DeviceId: 0x1636 (for the marketing name, search the web for "GPU Device Id")
[2022.02.13-07.21.39:722][  0]LogWindows: EnumDisplayDevices:
[2022.02.13-07.21.39:723][  0]LogWindows:    0. 'AMD Radeon(TM) Graphics' (P:1 D:1)
[2022.02.13-07.21.39:723][  0]LogWindows:    1. 'AMD Radeon(TM) Graphics' (P:0 D:0)
[2022.02.13-07.21.39:724][  0]LogWindows:    2. 'AMD Radeon(TM) Graphics' (P:0 D:0)
[2022.02.13-07.21.39:724][  0]LogWindows:    3. 'AMD Radeon(TM) Graphics' (P:0 D:0)
[2022.02.13-07.21.39:725][  0]LogWindows:    4. 'AMD Radeon(TM) Graphics' (P:0 D:0)
[2022.02.13-07.21.39:725][  0]LogWindows:    5. 'AMD Radeon(TM) Graphics' (P:0 D:0)
[2022.02.13-07.21.39:725][  0]LogWindows: DebugString: FoundDriverCount:6 
[2022.02.13-07.21.39:726][  0]LogD3D11RHI:     Adapter Name: AMD Radeon(TM) Graphics
[2022.02.13-07.21.39:726][  0]LogD3D11RHI:   Driver Version: Adrenalin 21.10.30.01 (internal:27.20.21030.1005, unified:27.20.21030.1005)
[2022.02.13-07.21.39:726][  0]LogD3D11RHI:      Driver Date: 7-9-2021
[2022.02.13-07.21.39:726][  0]LogRHI: Texture pool is 5384 MB (70% of 7692 MB)
[2022.02.13-07.21.39:750][  0]LogD3D11RHI: Creating D3DDevice with AMD AGS, using adapter:
[2022.02.13-07.21.39:750][  0]LogD3D11RHI:     Description : AMD Radeon(TM) Graphics
[2022.02.13-07.21.39:750][  0]LogD3D11RHI:     VendorId    : 1002
[2022.02.13-07.21.39:750][  0]LogD3D11RHI:     DeviceId    : 1636
[2022.02.13-07.21.39:750][  0]LogD3D11RHI:     SubSysId    : 380c17aa
[2022.02.13-07.21.39:750][  0]LogD3D11RHI:     Revision    : 00c2
[2022.02.13-07.21.39:750][  0]LogD3D11RHI:     DedicatedVideoMemory : 520073216 bytes
[2022.02.13-07.21.39:750][  0]LogD3D11RHI:     DedicatedSystemMemory : 0 bytes
[2022.02.13-07.21.39:750][  0]LogD3D11RHI:     SharedSystemMemory : 8252977152 bytes
[2022.02.13-07.21.39:750][  0]LogD3D11RHI:     AdapterLuid : 0 53265
[2022.02.13-07.21.39:807][  0]LogD3D11RHI: Created device via AGS, feature level 11_0, supported extensions 1fffffbf.
[2022.02.13-07.21.39:807][  0]LogD3D11RHI: RHI has support for 64 bit atomics
[2022.02.13-07.21.39:807][  0]LogD3D11RHI: Async texture creation enabled
[2022.02.13-07.21.39:807][  0]LogD3D11RHI: Array index from any shader is supported
[2022.02.13-07.21.39:826][  0]LogD3D11RHI: GPU Timing Frequency: 100.000000 (Debug: 2 1)
[2022.02.13-07.21.40:336][  0]LogTargetPlatformManager: Display: Loaded TargetPlatform 'WindowsNoEditor'
[2022.02.13-07.21.40:345][  0]LogTargetPlatformManager: Display: Loaded TargetPlatform 'Windows'
[2022.02.13-07.21.40:375][  0]LogTargetPlatformManager: Display: Loaded TargetPlatform 'WindowsClient'
[2022.02.13-07.21.40:404][  0]LogTargetPlatformManager: Display: Loaded TargetPlatform 'WindowsServer'
[2022.02.13-07.21.40:404][  0]LogTargetPlatformManager: Display: Building Assets For Windows
[2022.02.13-07.21.40:465][  0]LogAudioDebug: Display: Lib vorbis DLL was dynamically loaded.
[2022.02.13-07.21.40:821][  0]LogTextureFormatOodle: Display: Oodle Texture 2.9.0 init RDO Off
[2022.02.13-07.21.41:059][  0]LogRendererCore: Ray tracing is disabled. Reason: r.RayTracing=0.
[2022.02.13-07.21.41:059][  0]LogShaderCompilers: Guid format shader working directory is -74 characters bigger than the processId version (../../../../../../Users/chira/OneDrive - University of Illinois - Urbana/UIUC/semester 8/CS 498 GD/InfiniteMatrixStarter/Intermediate/Shaders/WorkingDirectory/9428/).
[2022.02.13-07.21.41:059][  0]LogShaderCompilers: Cleaned the shader compiler working directory 'C:/Users/chira/AppData/Local/Temp/UnrealShaderWorkingDir/282B387046C4B92BECFF17A5722B40AC/'.
[2022.02.13-07.21.41:060][  0]LogXGEController: Cannot use XGE Controller as Incredibuild is not installed on this machine.
[2022.02.13-07.21.41:060][  0]LogShaderCompilers: Cannot use XGE Shader Compiler as Incredibuild is not installed on this machine.
[2022.02.13-07.21.41:060][  0]LogShaderCompilers: Display: Using Local Shader Compiler.
[2022.02.13-07.21.41:841][  0]LogDerivedDataCache: Display: Max Cache Size: 512 MB
[2022.02.13-07.21.41:953][  0]LogDerivedDataCache: Loaded boot cache 0.11s 94MB C:/Users/chira/AppData/Local/UnrealEngine/4.27/DerivedDataCache/Boot.ddc.
[2022.02.13-07.21.41:953][  0]LogDerivedDataCache: Display: Loaded Boot cache: C:/Users/chira/AppData/Local/UnrealEngine/4.27/DerivedDataCache/Boot.ddc
[2022.02.13-07.21.41:953][  0]LogDerivedDataCache: FDerivedDataBackendGraph:  Pak pak cache file ../../../../../../Users/chira/OneDrive - University of Illinois - Urbana/UIUC/semester 8/CS 498 GD/InfiniteMatrixStarter/DerivedDataCache/DDC.ddp not found, will not use a pak cache.
[2022.02.13-07.21.41:954][  0]LogDerivedDataCache: Unable to find inner node Pak for hierarchical cache Hierarchy.
[2022.02.13-07.21.41:954][  0]LogDerivedDataCache: FDerivedDataBackendGraph:  CompressedPak pak cache file ../../../../../../Users/chira/OneDrive - University of Illinois - Urbana/UIUC/semester 8/CS 498 GD/InfiniteMatrixStarter/DerivedDataCache/Compressed.ddp not found, will not use a pak cache.
[2022.02.13-07.21.41:954][  0]LogDerivedDataCache: Unable to find inner node CompressedPak for hierarchical cache Hierarchy.
[2022.02.13-07.21.41:977][  0]LogDerivedDataCache: Display: Pak cache opened for reading ../../../Engine/DerivedDataCache/Compressed.ddp.
[2022.02.13-07.21.41:977][  0]LogDerivedDataCache: FDerivedDataBackendGraph:  EnterprisePak pak cache file ../../../Enterprise/DerivedDataCache/Compressed.ddp not found, will not use a pak cache.
[2022.02.13-07.21.41:977][  0]LogDerivedDataCache: Unable to find inner node EnterprisePak for hierarchical cache Hierarchy.
[2022.02.13-07.21.41:990][  0]LogDerivedDataCache: Speed tests for C:/Users/chira/AppData/Local/UnrealEngine/Common/DerivedDataCache took 0.01 seconds
[2022.02.13-07.21.41:990][  0]LogDerivedDataCache: Display: Performance to C:/Users/chira/AppData/Local/UnrealEngine/Common/DerivedDataCache: Latency=0.04ms. RandomReadSpeed=798.91MBs, RandomWriteSpeed=81.44MBs. Assigned SpeedClass 'Local'
[2022.02.13-07.21.41:991][  0]LogDerivedDataCache: Using Local data cache path C:/Users/chira/AppData/Local/UnrealEngine/Common/DerivedDataCache: Writable
[2022.02.13-07.21.41:991][  0]LogDerivedDataCache: Shared data cache path not found in *engine.ini, will not use an Shared cache.
[2022.02.13-07.21.41:991][  0]LogDerivedDataCache: Unable to find inner node Shared for hierarchical cache Hierarchy.
[2022.02.13-07.21.42:033][  0]LogSlate: Using FreeType 2.10.0
[2022.02.13-07.21.42:034][  0]LogSlate: SlateFontServices - WITH_FREETYPE: 1, WITH_HARFBUZZ: 1
[2022.02.13-07.21.42:206][  0]LogInit: Using OS detected language (en-US).
[2022.02.13-07.21.42:206][  0]LogInit: Using OS detected locale (en-US).
[2022.02.13-07.21.42:206][  0]LogTextLocalizationManager: No localization for 'en-US' exists, so 'en' will be used for the language.
[2022.02.13-07.21.42:206][  0]LogTextLocalizationManager: No localization for 'en-US' exists, so 'en' will be used for the locale.
[2022.02.13-07.21.42:206][  0]LogSlate: FontCache flush requested. Reason: Culture for localization was changed
[2022.02.13-07.21.42:206][  0]LogSlate: FontCache flush requested. Reason: Culture for localization was changed
[2022.02.13-07.21.42:212][  0]LogTextLocalizationManager: Compacting localization data took   0.01ms
[2022.02.13-07.21.42:212][  0]LogAssetRegistry: FAssetRegistry took 0.0031 seconds to start up
[2022.02.13-07.21.42:497][  0]LogPackageLocalizationCache: Processed 27 localized package path(s) for 1 prioritized culture(s) in 0.003477 seconds
[2022.02.13-07.21.42:594][  0]LogInit: Selected Device Profile: [Windows]
[2022.02.13-07.21.42:594][  0]LogInit: Active device profile: [0000020E3EB05400][0000020E3695E200 49] Windows
[2022.02.13-07.21.42:594][  0]LogInit: Profiles: [0000020E3EB05400][0000020E3695E200 49] Windows, [0000020E3EB02400][0000020E3611A480 49] WindowsNoEditor, [0000020E3EB06200][0000020E36966740 49] WindowsServer, [0000020E3EB03100][0000020E3696AA00 49] WindowsClient, [0000020E3EB06F00][0000020E3696ECC0 49] IOS, [0000020E3EB03E00][0000020E36972F80 49] iPadAir, [0000020E3EB07C00][0000020E36977240 49] iPadAir2, [0000020E3EAA6600][0000020E3698B780 49] IPadPro, [0000020E3EAA6700][0000020E3697B7C0 49] iPadAir3, [0000020E3EB00300][0000020E36983A80 49] iPadAir4, [0000020E3EAA7500][0000020E3697E1C0 49] iPadMini2, [0000020E3EB02800][0000020E36962440 49] iPadMini3, [0000020E3EAA6400][0000020E369866C0 49] iPadMini4, [0000020E3EB01700][0000020E36992980 49] iPadMini5, [0000020E3EADDF00][0000020E36BF6EC0 49] iPhone6, [0000020E3EADE000][0000020E36996F00 49] iPodTouch6, [0000020E3EB06D00][0000020E36BFF440 49] iPhone7, [0000020E3EB05500][0000020E36BEF480 49] iPodTouch7, [0000020E3EAA7200][0000020E36BF3740 49] iPhone5S, [0000020E3EB06000][0000020E3699BA00 49] iPhone6Plus, [0000020E3EAA5200][0000020E36BFA140 49] iPhone6S, [0000020E3EB06B00][0000020E36C02400 49] iPhone6SPlus, [0000020E3EAA4A00][0000020E3698E680 49] iPhone7Plus, [0000020E3EB05100][0000020E36C06900 49] iPhoneSE, [0000020E3EAA4800][0000020E36C0EBC0 49] iPhone8, [0000020E3EB06C00][0000020E36C12E80 49] iPhone8Plus, [0000020E3EAA7100][0000020E36C17140 49] iPhoneX, [0000020E3EB04F00][0000020E36C1B400 49] iPhoneXS, [0000020E3EAA6F00][0000020E36C1F6C0 49] iPhoneXSMax, [0000020E3EB06900][0000020E36C23980 49] iPhoneXR, [0000020E3EADC400][0000020E36C260C0 49] iPhone11, [0000020E3EAA5300][0000020E36C2A380 49] iPhone11Pro, [0000020E3EADCC00][0000020E36C2E640 49] iPhone11ProMax, [0000020E3EAA5B00][0000020E36C0A8C0 49] iPhoneSE2, [0000020E3EADD400][0000020E36C32B40 49] iPhone12Mini, [0000020E3EAA6300][0000020E3634EE00 49] iPhone12, [0000020E3EADDA00][0000020E363530C0 49] iPhone12Pro, [0000020E3EAA6100][0000020E36357380 49] iPhone12ProMax, [0000020E3EADDD00][0000020E3635B640 49] iPadPro105, [0000020E3EAA5C00][0000020E3635F900 49] iPadPro129, [0000020E3EADFF00][0000020E36363BC0 49] iPadPro97, [0000020E3EAA4400][0000020E36366300 49] iPadPro2_129, [0000020E3EB05D00][0000020E3636A5C0 49] iPad5, [0000020E3EADDE00][0000020E3636E880 49] iPad6, [0000020E3EAA5F00][0000020E36C36B00 49] iPad7, [0000020E3EADC800][0000020E36372D80 49] iPad8, [0000020E3EAA4900][0000020E3637B040 49] iPadPro11, [0000020E3EADC900][0000020E3637F300 49] iPadPro2_11, [0000020E3EAA5400][0000020E363835C0 49] iPadPro3_129, [0000020E3EADCF00][0000020E36387880 49] iPadPro4_129, [0000020E3EAA4D00][0000020E3638BB40 49] AppleTV, [0000020E3EADC500][0000020E3638E280 49] AppleTV4K, [0000020E3EAA4100][0000020E36392540 49] TVOS, [0000020E3EADF000][0000020E36396800 49] Mac, [0000020E3EAA7700][0000020E3639AAC0 49] MacClient, [0000020E3EADE500][0000020E36376D40 49] MacNoEditor, [0000020E3EAA5800][0000020E3639EFC0 49] MacServer, [0000020E3EADEE00][0000020E363A7280 49] Linux, [0000020E3EAA6500][0000020E363AB540 49] LinuxAArch64, [0000020E3EADC300][0000020E363AF800 49] LinuxNoEditor, [0000020E3EAA7400][0000020E363B3AC0 49] LinuxAArch64NoEditor, [0000020E3EADD700][0000020E363B6200 49] LinuxClient, [0000020E3EAA4300][0000020E363BA4C0 49] LinuxAArch64Client, [0000020E3EADF300][0000020E363BE780 49] LinuxServer, [0000020E3EAA7000][0000020E363C2A40 49] LinuxAArch64Server, [0000020E3EADE700][0000020E363C6D00 49] Android, [0000020E3EAA5D00][0000020E363A2F80 49] Android_Low, [0000020E3EADEA00][0000020E363CF240 49] Android_Mid, [0000020E3EAA5100][0000020E363D3500 49] Android_High, [0000020E3EADE100][0000020E363D77C0 49] Android_Default, [0000020E3EAA4500][0000020E363DBA80 49] Android_Adreno4xx, [0000020E3EADEF00][0000020E363DE1C0 49] Android_Adreno5xx_Low, [0000020E3EAA6900][0000020E363E2480 49] Android_Adreno5xx, [0000020E3EADC200][0000020E363E6740 49] Android_Adreno6xx, [0000020E3EAA7A00][0000020E363EAA00 49] Android_Adreno6xx_Vulkan, [0000020E3EADFB00][0000020E363EECC0 49] Android_Mali_T6xx, [0000020E3EAA5600][0000020E363CAF40 49] Android_Mali_T7xx, [0000020E3EADDC00][0000020E363F31C0 49] Android_Mali_T8xx, [0000020E3EAA5A00][0000020E363FB480 49] Android_Mali_G71, [0000020E3EADD300][0000020E363FF740 49] Android_Mali_G72, [0000020E3EAA7B00][0000020E36403A00 49] Android_Mali_G72_Vulkan, [0000020E3EADF600][0000020E36406140 49] Android_Mali_G76, [0000020E3EAA6C00][0000020E3640A400 49] Android_Mali_G76_Vulkan, [0000020E3EADD000][0000020E3640E6C0 49] Android_Mali_G77, [0000020E3EAA5000][0000020E36412980 49] Android_Mali_G77_Vulkan, [0000020E3EADEC00][0000020E36416C40 49] Android_Mali_G78, [0000020E3EAA4C00][0000020E3641AF00 49] Android_Mali_G78_Vulkan, [0000020E3EADED00][0000020E363F7180 49] Android_Mali_G710, [0000020E3EAA4700][0000020E3641F400 49] Android_Mali_G710_Vulkan, [0000020E3EB01800][0000020E364276C0 49] Android_Vulkan_SM5, [0000020E3EB04E00][0000020E3642B980 49] Android_PowerVR_G6xxx, [0000020E3EB00B00][0000020E3642E0C0 49] Android_PowerVR_GT7xxx, [0000020E3EB04400][0000020E36432380 49] Android_PowerVR_GE8xxx, [0000020E3EB02E00][0000020E36436640 49] Android_PowerVR_GM9xxx, [0000020E3EB07F00][0000020E3643A900 49] Android_PowerVR_GM9xxx_Vulkan, [0000020E3EB00D00][0000020E3643EBC0 49] Android_TegraK1, [0000020E3EB06A00][0000020E36442E80 49] Android_Unknown_Vulkan, [0000020E3EB03D00][0000020E36447140 49] Lumin, [0000020E3EB07400][0000020E364233C0 49] Lumin_Desktop, [0000020E3EB00400][0000020E3644B640 49] HoloLens, 
